{"/Users/firedragonnow/apps/2020projects/fullStackApps/mayApp/client/src/App.js": {"path":"/Users/firedragonnow/apps/2020projects/fullStackApps/mayApp/client/src/App.js","statementMap":{"0":{"start":{"line":27,"column":0},"end":{"line":29,"column":1}},"1":{"start":{"line":28,"column":2},"end":{"line":28,"column":35}},"2":{"start":{"line":31,"column":12},"end":{"line":62,"column":3}},"3":{"start":{"line":32,"column":2},"end":{"line":34,"column":9}},"4":{"start":{"line":33,"column":3},"end":{"line":33,"column":30}},"5":{"start":{"line":36,"column":2},"end":{"line":62,"column":2}}},"fnMap":{"0":{"name":"(anonymous_0)","decl":{"start":{"line":31,"column":12},"end":{"line":31,"column":13}},"loc":{"start":{"line":31,"column":18},"end":{"line":62,"column":3}},"line":31},"1":{"name":"(anonymous_1)","decl":{"start":{"line":32,"column":12},"end":{"line":32,"column":13}},"loc":{"start":{"line":32,"column":18},"end":{"line":34,"column":3}},"line":32}},"branchMap":{"0":{"loc":{"start":{"line":27,"column":0},"end":{"line":29,"column":1}},"type":"if","locations":[{"start":{"line":27,"column":0},"end":{"line":29,"column":1}},{"start":{},"end":{}}],"line":27}},"s":{"0":1,"1":0,"2":1,"3":1,"4":1,"5":1},"f":{"0":1,"1":1},"b":{"0":[0,1]},"_coverageSchema":"1a1c01bbd47fc00a2c39e90264f33305004495a9","hash":"72f9b741241c2fa7b9519215923d9cf7d4273672"}
,"/Users/firedragonnow/apps/2020projects/fullStackApps/mayApp/client/src/index.js": {"path":"/Users/firedragonnow/apps/2020projects/fullStackApps/mayApp/client/src/index.js","statementMap":{"0":{"start":{"line":5,"column":0},"end":{"line":5,"column":58}}},"fnMap":{},"branchMap":{},"s":{"0":0},"f":{},"b":{}}
,"/Users/firedragonnow/apps/2020projects/fullStackApps/mayApp/client/src/setupTests.js": {"path":"/Users/firedragonnow/apps/2020projects/fullStackApps/mayApp/client/src/setupTests.js","statementMap":{"0":{"start":{"line":11,"column":0},"end":{"line":14,"column":3}},"1":{"start":{"line":16,"column":14},"end":{"line":19,"column":1}},"2":{"start":{"line":21,"column":15},"end":{"line":30,"column":1}},"3":{"start":{"line":22,"column":18},"end":{"line":28,"column":3}},"4":{"start":{"line":23,"column":4},"end":{"line":27,"column":15}},"5":{"start":{"line":29,"column":2},"end":{"line":29,"column":63}}},"fnMap":{"0":{"name":"(anonymous_0)","decl":{"start":{"line":21,"column":15},"end":{"line":21,"column":16}},"loc":{"start":{"line":21,"column":136},"end":{"line":30,"column":1}},"line":21},"1":{"name":"(anonymous_1)","decl":{"start":{"line":22,"column":18},"end":{"line":22,"column":19}},"loc":{"start":{"line":23,"column":4},"end":{"line":27,"column":15}},"line":23}},"branchMap":{"0":{"loc":{"start":{"line":21,"column":20},"end":{"line":21,"column":131}},"type":"default-arg","locations":[{"start":{"line":21,"column":129},"end":{"line":21,"column":131}}],"line":21},"1":{"loc":{"start":{"line":21,"column":36},"end":{"line":21,"column":106}},"type":"default-arg","locations":[{"start":{"line":21,"column":44},"end":{"line":21,"column":106}}],"line":21}},"s":{"0":1,"1":1,"2":1,"3":2,"4":2,"5":2},"f":{"0":2,"1":2},"b":{"0":[1],"1":[2]},"_coverageSchema":"1a1c01bbd47fc00a2c39e90264f33305004495a9","hash":"7d953a90508f02dfae915a9af8b3f3f6a8678c13"}
,"/Users/firedragonnow/apps/2020projects/fullStackApps/mayApp/client/src/store.js": {"path":"/Users/firedragonnow/apps/2020projects/fullStackApps/mayApp/client/src/store.js","statementMap":{"0":{"start":{"line":6,"column":21},"end":{"line":6,"column":23}},"1":{"start":{"line":8,"column":19},"end":{"line":8,"column":26}},"2":{"start":{"line":10,"column":14},"end":{"line":14,"column":1}}},"fnMap":{},"branchMap":{},"s":{"0":1,"1":1,"2":1},"f":{},"b":{},"_coverageSchema":"1a1c01bbd47fc00a2c39e90264f33305004495a9","hash":"1cf9d056a30c1146fd631c8de9f3ea3467695690"}
,"/Users/firedragonnow/apps/2020projects/fullStackApps/mayApp/client/src/actions/alert.js": {"path":"/Users/firedragonnow/apps/2020projects/fullStackApps/mayApp/client/src/actions/alert.js","statementMap":{"0":{"start":{"line":4,"column":24},"end":{"line":12,"column":1}},"1":{"start":{"line":4,"column":60},"end":{"line":12,"column":1}},"2":{"start":{"line":5,"column":12},"end":{"line":5,"column":21}},"3":{"start":{"line":6,"column":1},"end":{"line":9,"column":4}},"4":{"start":{"line":11,"column":1},"end":{"line":11,"column":72}},"5":{"start":{"line":11,"column":17},"end":{"line":11,"column":61}}},"fnMap":{"0":{"name":"(anonymous_0)","decl":{"start":{"line":4,"column":24},"end":{"line":4,"column":25}},"loc":{"start":{"line":4,"column":60},"end":{"line":12,"column":1}},"line":4},"1":{"name":"(anonymous_1)","decl":{"start":{"line":4,"column":60},"end":{"line":4,"column":61}},"loc":{"start":{"line":4,"column":72},"end":{"line":12,"column":1}},"line":4},"2":{"name":"(anonymous_2)","decl":{"start":{"line":11,"column":12},"end":{"line":11,"column":13}},"loc":{"start":{"line":11,"column":17},"end":{"line":11,"column":61}},"line":11}},"branchMap":{"0":{"loc":{"start":{"line":4,"column":41},"end":{"line":4,"column":55}},"type":"default-arg","locations":[{"start":{"line":4,"column":51},"end":{"line":4,"column":55}}],"line":4}},"s":{"0":1,"1":0,"2":0,"3":0,"4":0,"5":0},"f":{"0":0,"1":0,"2":0},"b":{"0":[0]},"_coverageSchema":"1a1c01bbd47fc00a2c39e90264f33305004495a9","hash":"f335592de27db26589d2d3f5dc7fc145580c3c19"}
,"/Users/firedragonnow/apps/2020projects/fullStackApps/mayApp/client/src/actions/auth.js": {"path":"/Users/firedragonnow/apps/2020projects/fullStackApps/mayApp/client/src/actions/auth.js","statementMap":{"0":{"start":{"line":17,"column":24},"end":{"line":34,"column":1}},"1":{"start":{"line":17,"column":30},"end":{"line":34,"column":1}},"2":{"start":{"line":18,"column":1},"end":{"line":20,"column":2}},"3":{"start":{"line":19,"column":3},"end":{"line":19,"column":36}},"4":{"start":{"line":22,"column":1},"end":{"line":33,"column":2}},"5":{"start":{"line":23,"column":14},"end":{"line":23,"column":41}},"6":{"start":{"line":25,"column":2},"end":{"line":28,"column":5}},"7":{"start":{"line":30,"column":3},"end":{"line":32,"column":6}},"8":{"start":{"line":37,"column":24},"end":{"line":68,"column":1}},"9":{"start":{"line":37,"column":55},"end":{"line":68,"column":1}},"10":{"start":{"line":38,"column":17},"end":{"line":42,"column":3}},"11":{"start":{"line":44,"column":15},"end":{"line":44,"column":56}},"12":{"start":{"line":48,"column":2},"end":{"line":67,"column":3}},"13":{"start":{"line":49,"column":16},"end":{"line":49,"column":60}},"14":{"start":{"line":51,"column":4},"end":{"line":54,"column":7}},"15":{"start":{"line":56,"column":4},"end":{"line":56,"column":25}},"16":{"start":{"line":58,"column":19},"end":{"line":58,"column":43}},"17":{"start":{"line":60,"column":4},"end":{"line":62,"column":5}},"18":{"start":{"line":61,"column":6},"end":{"line":61,"column":71}},"19":{"start":{"line":61,"column":30},"end":{"line":61,"column":69}},"20":{"start":{"line":64,"column":4},"end":{"line":66,"column":7}},"21":{"start":{"line":72,"column":21},"end":{"line":103,"column":1}},"22":{"start":{"line":72,"column":44},"end":{"line":103,"column":1}},"23":{"start":{"line":73,"column":17},"end":{"line":77,"column":3}},"24":{"start":{"line":79,"column":15},"end":{"line":79,"column":50}},"25":{"start":{"line":83,"column":2},"end":{"line":102,"column":3}},"26":{"start":{"line":84,"column":16},"end":{"line":84,"column":59}},"27":{"start":{"line":86,"column":4},"end":{"line":89,"column":7}},"28":{"start":{"line":91,"column":4},"end":{"line":91,"column":25}},"29":{"start":{"line":93,"column":19},"end":{"line":93,"column":43}},"30":{"start":{"line":95,"column":4},"end":{"line":97,"column":5}},"31":{"start":{"line":96,"column":6},"end":{"line":96,"column":71}},"32":{"start":{"line":96,"column":30},"end":{"line":96,"column":69}},"33":{"start":{"line":99,"column":4},"end":{"line":101,"column":7}},"34":{"start":{"line":106,"column":22},"end":{"line":109,"column":1}},"35":{"start":{"line":106,"column":28},"end":{"line":109,"column":1}},"36":{"start":{"line":107,"column":2},"end":{"line":107,"column":35}},"37":{"start":{"line":108,"column":2},"end":{"line":108,"column":29}}},"fnMap":{"0":{"name":"(anonymous_0)","decl":{"start":{"line":17,"column":24},"end":{"line":17,"column":25}},"loc":{"start":{"line":17,"column":30},"end":{"line":34,"column":1}},"line":17},"1":{"name":"(anonymous_1)","decl":{"start":{"line":17,"column":30},"end":{"line":17,"column":31}},"loc":{"start":{"line":17,"column":48},"end":{"line":34,"column":1}},"line":17},"2":{"name":"(anonymous_2)","decl":{"start":{"line":37,"column":24},"end":{"line":37,"column":25}},"loc":{"start":{"line":37,"column":55},"end":{"line":68,"column":1}},"line":37},"3":{"name":"(anonymous_3)","decl":{"start":{"line":37,"column":55},"end":{"line":37,"column":56}},"loc":{"start":{"line":37,"column":73},"end":{"line":68,"column":1}},"line":37},"4":{"name":"(anonymous_4)","decl":{"start":{"line":61,"column":21},"end":{"line":61,"column":22}},"loc":{"start":{"line":61,"column":30},"end":{"line":61,"column":69}},"line":61},"5":{"name":"(anonymous_5)","decl":{"start":{"line":72,"column":21},"end":{"line":72,"column":22}},"loc":{"start":{"line":72,"column":44},"end":{"line":103,"column":1}},"line":72},"6":{"name":"(anonymous_6)","decl":{"start":{"line":72,"column":44},"end":{"line":72,"column":45}},"loc":{"start":{"line":72,"column":62},"end":{"line":103,"column":1}},"line":72},"7":{"name":"(anonymous_7)","decl":{"start":{"line":96,"column":21},"end":{"line":96,"column":22}},"loc":{"start":{"line":96,"column":30},"end":{"line":96,"column":69}},"line":96},"8":{"name":"(anonymous_8)","decl":{"start":{"line":106,"column":22},"end":{"line":106,"column":23}},"loc":{"start":{"line":106,"column":28},"end":{"line":109,"column":1}},"line":106},"9":{"name":"(anonymous_9)","decl":{"start":{"line":106,"column":28},"end":{"line":106,"column":29}},"loc":{"start":{"line":106,"column":40},"end":{"line":109,"column":1}},"line":106}},"branchMap":{"0":{"loc":{"start":{"line":18,"column":1},"end":{"line":20,"column":2}},"type":"if","locations":[{"start":{"line":18,"column":1},"end":{"line":20,"column":2}},{"start":{},"end":{}}],"line":18},"1":{"loc":{"start":{"line":60,"column":4},"end":{"line":62,"column":5}},"type":"if","locations":[{"start":{"line":60,"column":4},"end":{"line":62,"column":5}},{"start":{},"end":{}}],"line":60},"2":{"loc":{"start":{"line":95,"column":4},"end":{"line":97,"column":5}},"type":"if","locations":[{"start":{"line":95,"column":4},"end":{"line":97,"column":5}},{"start":{},"end":{}}],"line":95}},"s":{"0":1,"1":1,"2":1,"3":0,"4":1,"5":1,"6":0,"7":0,"8":1,"9":0,"10":0,"11":0,"12":0,"13":0,"14":0,"15":0,"16":0,"17":0,"18":0,"19":0,"20":0,"21":1,"22":0,"23":0,"24":0,"25":0,"26":0,"27":0,"28":0,"29":0,"30":0,"31":0,"32":0,"33":0,"34":1,"35":0,"36":0,"37":0},"f":{"0":1,"1":1,"2":0,"3":0,"4":0,"5":0,"6":0,"7":0,"8":0,"9":0},"b":{"0":[0,1],"1":[0,0],"2":[0,0]},"_coverageSchema":"1a1c01bbd47fc00a2c39e90264f33305004495a9","hash":"9d46dc058ddf6ee74eed21500f3415898d5ab9b2"}
,"/Users/firedragonnow/apps/2020projects/fullStackApps/mayApp/client/src/actions/post.js": {"path":"/Users/firedragonnow/apps/2020projects/fullStackApps/mayApp/client/src/actions/post.js","statementMap":{"0":{"start":{"line":16,"column":24},"end":{"line":29,"column":1}},"1":{"start":{"line":16,"column":30},"end":{"line":29,"column":1}},"2":{"start":{"line":17,"column":2},"end":{"line":28,"column":3}},"3":{"start":{"line":18,"column":18},"end":{"line":18,"column":47}},"4":{"start":{"line":19,"column":6},"end":{"line":22,"column":9}},"5":{"start":{"line":24,"column":6},"end":{"line":27,"column":9}},"6":{"start":{"line":34,"column":23},"end":{"line":47,"column":1}},"7":{"start":{"line":34,"column":29},"end":{"line":47,"column":1}},"8":{"start":{"line":35,"column":2},"end":{"line":46,"column":3}},"9":{"start":{"line":36,"column":18},"end":{"line":36,"column":58}},"10":{"start":{"line":37,"column":6},"end":{"line":40,"column":9}},"11":{"start":{"line":42,"column":6},"end":{"line":45,"column":9}},"12":{"start":{"line":50,"column":26},"end":{"line":63,"column":1}},"13":{"start":{"line":50,"column":32},"end":{"line":63,"column":1}},"14":{"start":{"line":51,"column":2},"end":{"line":62,"column":3}},"15":{"start":{"line":52,"column":18},"end":{"line":52,"column":60}},"16":{"start":{"line":53,"column":6},"end":{"line":56,"column":9}},"17":{"start":{"line":58,"column":6},"end":{"line":61,"column":9}},"18":{"start":{"line":66,"column":26},"end":{"line":81,"column":1}},"19":{"start":{"line":66,"column":32},"end":{"line":81,"column":1}},"20":{"start":{"line":67,"column":2},"end":{"line":80,"column":3}},"21":{"start":{"line":68,"column":18},"end":{"line":68,"column":56}},"22":{"start":{"line":69,"column":6},"end":{"line":72,"column":9}},"23":{"start":{"line":74,"column":6},"end":{"line":74,"column":52}},"24":{"start":{"line":76,"column":6},"end":{"line":79,"column":9}},"25":{"start":{"line":84,"column":23},"end":{"line":104,"column":1}},"26":{"start":{"line":84,"column":35},"end":{"line":104,"column":1}},"27":{"start":{"line":85,"column":17},"end":{"line":89,"column":3}},"28":{"start":{"line":90,"column":2},"end":{"line":103,"column":3}},"29":{"start":{"line":91,"column":18},"end":{"line":91,"column":66}},"30":{"start":{"line":92,"column":6},"end":{"line":95,"column":9}},"31":{"start":{"line":97,"column":6},"end":{"line":97,"column":52}},"32":{"start":{"line":99,"column":6},"end":{"line":102,"column":9}},"33":{"start":{"line":107,"column":23},"end":{"line":120,"column":1}},"34":{"start":{"line":107,"column":29},"end":{"line":120,"column":1}},"35":{"start":{"line":108,"column":2},"end":{"line":119,"column":3}},"36":{"start":{"line":109,"column":18},"end":{"line":109,"column":53}},"37":{"start":{"line":110,"column":6},"end":{"line":113,"column":9}},"38":{"start":{"line":115,"column":6},"end":{"line":118,"column":9}},"39":{"start":{"line":123,"column":26},"end":{"line":143,"column":1}},"40":{"start":{"line":123,"column":48},"end":{"line":143,"column":1}},"41":{"start":{"line":124,"column":17},"end":{"line":128,"column":3}},"42":{"start":{"line":129,"column":2},"end":{"line":142,"column":3}},"43":{"start":{"line":130,"column":18},"end":{"line":130,"column":84}},"44":{"start":{"line":131,"column":6},"end":{"line":134,"column":9}},"45":{"start":{"line":136,"column":6},"end":{"line":136,"column":55}},"46":{"start":{"line":138,"column":6},"end":{"line":141,"column":9}},"47":{"start":{"line":146,"column":29},"end":{"line":161,"column":1}},"48":{"start":{"line":146,"column":52},"end":{"line":161,"column":1}},"49":{"start":{"line":147,"column":2},"end":{"line":160,"column":3}},"50":{"start":{"line":148,"column":18},"end":{"line":148,"column":81}},"51":{"start":{"line":149,"column":6},"end":{"line":152,"column":9}},"52":{"start":{"line":154,"column":6},"end":{"line":154,"column":55}},"53":{"start":{"line":156,"column":6},"end":{"line":159,"column":9}}},"fnMap":{"0":{"name":"(anonymous_0)","decl":{"start":{"line":16,"column":24},"end":{"line":16,"column":25}},"loc":{"start":{"line":16,"column":30},"end":{"line":29,"column":1}},"line":16},"1":{"name":"(anonymous_1)","decl":{"start":{"line":16,"column":30},"end":{"line":16,"column":31}},"loc":{"start":{"line":16,"column":48},"end":{"line":29,"column":1}},"line":16},"2":{"name":"(anonymous_2)","decl":{"start":{"line":34,"column":23},"end":{"line":34,"column":24}},"loc":{"start":{"line":34,"column":29},"end":{"line":47,"column":1}},"line":34},"3":{"name":"(anonymous_3)","decl":{"start":{"line":34,"column":29},"end":{"line":34,"column":30}},"loc":{"start":{"line":34,"column":47},"end":{"line":47,"column":1}},"line":34},"4":{"name":"(anonymous_4)","decl":{"start":{"line":50,"column":26},"end":{"line":50,"column":27}},"loc":{"start":{"line":50,"column":32},"end":{"line":63,"column":1}},"line":50},"5":{"name":"(anonymous_5)","decl":{"start":{"line":50,"column":32},"end":{"line":50,"column":33}},"loc":{"start":{"line":50,"column":50},"end":{"line":63,"column":1}},"line":50},"6":{"name":"(anonymous_6)","decl":{"start":{"line":66,"column":26},"end":{"line":66,"column":27}},"loc":{"start":{"line":66,"column":32},"end":{"line":81,"column":1}},"line":66},"7":{"name":"(anonymous_7)","decl":{"start":{"line":66,"column":32},"end":{"line":66,"column":33}},"loc":{"start":{"line":66,"column":50},"end":{"line":81,"column":1}},"line":66},"8":{"name":"(anonymous_8)","decl":{"start":{"line":84,"column":23},"end":{"line":84,"column":24}},"loc":{"start":{"line":84,"column":35},"end":{"line":104,"column":1}},"line":84},"9":{"name":"(anonymous_9)","decl":{"start":{"line":84,"column":35},"end":{"line":84,"column":36}},"loc":{"start":{"line":84,"column":53},"end":{"line":104,"column":1}},"line":84},"10":{"name":"(anonymous_10)","decl":{"start":{"line":107,"column":23},"end":{"line":107,"column":24}},"loc":{"start":{"line":107,"column":29},"end":{"line":120,"column":1}},"line":107},"11":{"name":"(anonymous_11)","decl":{"start":{"line":107,"column":29},"end":{"line":107,"column":30}},"loc":{"start":{"line":107,"column":47},"end":{"line":120,"column":1}},"line":107},"12":{"name":"(anonymous_12)","decl":{"start":{"line":123,"column":26},"end":{"line":123,"column":27}},"loc":{"start":{"line":123,"column":48},"end":{"line":143,"column":1}},"line":123},"13":{"name":"(anonymous_13)","decl":{"start":{"line":123,"column":48},"end":{"line":123,"column":49}},"loc":{"start":{"line":123,"column":66},"end":{"line":143,"column":1}},"line":123},"14":{"name":"(anonymous_14)","decl":{"start":{"line":146,"column":29},"end":{"line":146,"column":30}},"loc":{"start":{"line":146,"column":52},"end":{"line":161,"column":1}},"line":146},"15":{"name":"(anonymous_15)","decl":{"start":{"line":146,"column":52},"end":{"line":146,"column":53}},"loc":{"start":{"line":146,"column":70},"end":{"line":161,"column":1}},"line":146}},"branchMap":{},"s":{"0":1,"1":0,"2":0,"3":0,"4":0,"5":0,"6":1,"7":0,"8":0,"9":0,"10":0,"11":0,"12":1,"13":0,"14":0,"15":0,"16":0,"17":0,"18":1,"19":0,"20":0,"21":0,"22":0,"23":0,"24":0,"25":1,"26":0,"27":0,"28":0,"29":0,"30":0,"31":0,"32":0,"33":1,"34":0,"35":0,"36":0,"37":0,"38":0,"39":1,"40":0,"41":0,"42":0,"43":0,"44":0,"45":0,"46":0,"47":1,"48":0,"49":0,"50":0,"51":0,"52":0,"53":0},"f":{"0":0,"1":0,"2":0,"3":0,"4":0,"5":0,"6":0,"7":0,"8":0,"9":0,"10":0,"11":0,"12":0,"13":0,"14":0,"15":0},"b":{},"_coverageSchema":"1a1c01bbd47fc00a2c39e90264f33305004495a9","hash":"34b1423f52252fa9ff29a33929b1b575008ccf47"}
,"/Users/firedragonnow/apps/2020projects/fullStackApps/mayApp/client/src/actions/profile.js": {"path":"/Users/firedragonnow/apps/2020projects/fullStackApps/mayApp/client/src/actions/profile.js","statementMap":{"0":{"start":{"line":14,"column":33},"end":{"line":32,"column":1}},"1":{"start":{"line":14,"column":39},"end":{"line":32,"column":1}},"2":{"start":{"line":15,"column":2},"end":{"line":31,"column":3}},"3":{"start":{"line":16,"column":16},"end":{"line":16,"column":50}},"4":{"start":{"line":18,"column":4},"end":{"line":21,"column":7}},"5":{"start":{"line":25,"column":6},"end":{"line":25,"column":39}},"6":{"start":{"line":27,"column":6},"end":{"line":30,"column":9}},"7":{"start":{"line":35,"column":27},"end":{"line":51,"column":1}},"8":{"start":{"line":35,"column":33},"end":{"line":51,"column":1}},"9":{"start":{"line":36,"column":2},"end":{"line":36,"column":36}},"10":{"start":{"line":37,"column":2},"end":{"line":50,"column":3}},"11":{"start":{"line":38,"column":16},"end":{"line":38,"column":47}},"12":{"start":{"line":40,"column":4},"end":{"line":43,"column":7}},"13":{"start":{"line":46,"column":4},"end":{"line":49,"column":7}},"14":{"start":{"line":54,"column":30},"end":{"line":69,"column":1}},"15":{"start":{"line":54,"column":40},"end":{"line":69,"column":1}},"16":{"start":{"line":55,"column":2},"end":{"line":68,"column":3}},"17":{"start":{"line":56,"column":16},"end":{"line":56,"column":62}},"18":{"start":{"line":58,"column":4},"end":{"line":61,"column":7}},"19":{"start":{"line":64,"column":4},"end":{"line":67,"column":7}},"20":{"start":{"line":72,"column":30},"end":{"line":86,"column":1}},"21":{"start":{"line":72,"column":42},"end":{"line":86,"column":1}},"22":{"start":{"line":73,"column":2},"end":{"line":85,"column":3}},"23":{"start":{"line":74,"column":16},"end":{"line":74,"column":66}},"24":{"start":{"line":76,"column":4},"end":{"line":79,"column":7}},"25":{"start":{"line":81,"column":4},"end":{"line":84,"column":7}},"26":{"start":{"line":91,"column":29},"end":{"line":122,"column":1}},"27":{"start":{"line":91,"column":67},"end":{"line":122,"column":1}},"28":{"start":{"line":92,"column":2},"end":{"line":121,"column":3}},"29":{"start":{"line":93,"column":19},"end":{"line":97,"column":5}},"30":{"start":{"line":98,"column":16},"end":{"line":98,"column":66}},"31":{"start":{"line":100,"column":4},"end":{"line":103,"column":7}},"32":{"start":{"line":105,"column":4},"end":{"line":105,"column":80}},"33":{"start":{"line":107,"column":4},"end":{"line":109,"column":5}},"34":{"start":{"line":108,"column":6},"end":{"line":108,"column":33}},"35":{"start":{"line":111,"column":19},"end":{"line":111,"column":43}},"36":{"start":{"line":113,"column":4},"end":{"line":115,"column":5}},"37":{"start":{"line":114,"column":6},"end":{"line":114,"column":71}},"38":{"start":{"line":114,"column":30},"end":{"line":114,"column":69}},"39":{"start":{"line":117,"column":4},"end":{"line":120,"column":7}},"40":{"start":{"line":125,"column":29},"end":{"line":154,"column":1}},"41":{"start":{"line":125,"column":52},"end":{"line":154,"column":1}},"42":{"start":{"line":126,"column":2},"end":{"line":153,"column":3}},"43":{"start":{"line":127,"column":19},"end":{"line":131,"column":5}},"44":{"start":{"line":132,"column":16},"end":{"line":132,"column":76}},"45":{"start":{"line":134,"column":4},"end":{"line":137,"column":7}},"46":{"start":{"line":139,"column":4},"end":{"line":139,"column":54}},"47":{"start":{"line":141,"column":4},"end":{"line":141,"column":31}},"48":{"start":{"line":143,"column":19},"end":{"line":143,"column":43}},"49":{"start":{"line":145,"column":4},"end":{"line":147,"column":5}},"50":{"start":{"line":146,"column":6},"end":{"line":146,"column":71}},"51":{"start":{"line":146,"column":30},"end":{"line":146,"column":69}},"52":{"start":{"line":149,"column":4},"end":{"line":152,"column":7}},"53":{"start":{"line":157,"column":28},"end":{"line":186,"column":1}},"54":{"start":{"line":157,"column":51},"end":{"line":186,"column":1}},"55":{"start":{"line":158,"column":2},"end":{"line":185,"column":3}},"56":{"start":{"line":159,"column":19},"end":{"line":163,"column":5}},"57":{"start":{"line":164,"column":16},"end":{"line":164,"column":75}},"58":{"start":{"line":166,"column":4},"end":{"line":169,"column":7}},"59":{"start":{"line":171,"column":4},"end":{"line":171,"column":53}},"60":{"start":{"line":173,"column":4},"end":{"line":173,"column":31}},"61":{"start":{"line":175,"column":19},"end":{"line":175,"column":43}},"62":{"start":{"line":177,"column":4},"end":{"line":179,"column":5}},"63":{"start":{"line":178,"column":6},"end":{"line":178,"column":71}},"64":{"start":{"line":178,"column":30},"end":{"line":178,"column":69}},"65":{"start":{"line":181,"column":4},"end":{"line":184,"column":7}},"66":{"start":{"line":189,"column":32},"end":{"line":204,"column":1}},"67":{"start":{"line":189,"column":38},"end":{"line":204,"column":1}},"68":{"start":{"line":190,"column":1},"end":{"line":203,"column":2}},"69":{"start":{"line":191,"column":14},"end":{"line":191,"column":64}},"70":{"start":{"line":192,"column":2},"end":{"line":195,"column":5}},"71":{"start":{"line":196,"column":2},"end":{"line":196,"column":54}},"72":{"start":{"line":199,"column":2},"end":{"line":202,"column":5}},"73":{"start":{"line":207,"column":31},"end":{"line":223,"column":1}},"74":{"start":{"line":207,"column":37},"end":{"line":223,"column":1}},"75":{"start":{"line":208,"column":2},"end":{"line":222,"column":3}},"76":{"start":{"line":209,"column":16},"end":{"line":209,"column":66}},"77":{"start":{"line":211,"column":4},"end":{"line":214,"column":7}},"78":{"start":{"line":216,"column":4},"end":{"line":216,"column":55}},"79":{"start":{"line":218,"column":4},"end":{"line":221,"column":7}},"80":{"start":{"line":226,"column":30},"end":{"line":244,"column":2}},"81":{"start":{"line":226,"column":36},"end":{"line":244,"column":2}},"82":{"start":{"line":227,"column":3},"end":{"line":243,"column":4}},"83":{"start":{"line":228,"column":4},"end":{"line":242,"column":5}},"84":{"start":{"line":229,"column":5},"end":{"line":229,"column":40}},"85":{"start":{"line":230,"column":4},"end":{"line":232,"column":7}},"86":{"start":{"line":233,"column":4},"end":{"line":235,"column":7}},"87":{"start":{"line":236,"column":4},"end":{"line":236,"column":68}},"88":{"start":{"line":238,"column":6},"end":{"line":241,"column":9}}},"fnMap":{"0":{"name":"(anonymous_0)","decl":{"start":{"line":14,"column":33},"end":{"line":14,"column":34}},"loc":{"start":{"line":14,"column":39},"end":{"line":32,"column":1}},"line":14},"1":{"name":"(anonymous_1)","decl":{"start":{"line":14,"column":39},"end":{"line":14,"column":40}},"loc":{"start":{"line":14,"column":57},"end":{"line":32,"column":1}},"line":14},"2":{"name":"(anonymous_2)","decl":{"start":{"line":35,"column":27},"end":{"line":35,"column":28}},"loc":{"start":{"line":35,"column":33},"end":{"line":51,"column":1}},"line":35},"3":{"name":"(anonymous_3)","decl":{"start":{"line":35,"column":33},"end":{"line":35,"column":34}},"loc":{"start":{"line":35,"column":51},"end":{"line":51,"column":1}},"line":35},"4":{"name":"(anonymous_4)","decl":{"start":{"line":54,"column":30},"end":{"line":54,"column":31}},"loc":{"start":{"line":54,"column":40},"end":{"line":69,"column":1}},"line":54},"5":{"name":"(anonymous_5)","decl":{"start":{"line":54,"column":40},"end":{"line":54,"column":41}},"loc":{"start":{"line":54,"column":58},"end":{"line":69,"column":1}},"line":54},"6":{"name":"(anonymous_6)","decl":{"start":{"line":72,"column":30},"end":{"line":72,"column":31}},"loc":{"start":{"line":72,"column":42},"end":{"line":86,"column":1}},"line":72},"7":{"name":"(anonymous_7)","decl":{"start":{"line":72,"column":42},"end":{"line":72,"column":43}},"loc":{"start":{"line":72,"column":60},"end":{"line":86,"column":1}},"line":72},"8":{"name":"(anonymous_8)","decl":{"start":{"line":91,"column":29},"end":{"line":91,"column":30}},"loc":{"start":{"line":91,"column":67},"end":{"line":122,"column":1}},"line":91},"9":{"name":"(anonymous_9)","decl":{"start":{"line":91,"column":67},"end":{"line":91,"column":68}},"loc":{"start":{"line":91,"column":85},"end":{"line":122,"column":1}},"line":91},"10":{"name":"(anonymous_10)","decl":{"start":{"line":114,"column":21},"end":{"line":114,"column":22}},"loc":{"start":{"line":114,"column":30},"end":{"line":114,"column":69}},"line":114},"11":{"name":"(anonymous_11)","decl":{"start":{"line":125,"column":29},"end":{"line":125,"column":30}},"loc":{"start":{"line":125,"column":52},"end":{"line":154,"column":1}},"line":125},"12":{"name":"(anonymous_12)","decl":{"start":{"line":125,"column":52},"end":{"line":125,"column":53}},"loc":{"start":{"line":125,"column":70},"end":{"line":154,"column":1}},"line":125},"13":{"name":"(anonymous_13)","decl":{"start":{"line":146,"column":21},"end":{"line":146,"column":22}},"loc":{"start":{"line":146,"column":30},"end":{"line":146,"column":69}},"line":146},"14":{"name":"(anonymous_14)","decl":{"start":{"line":157,"column":28},"end":{"line":157,"column":29}},"loc":{"start":{"line":157,"column":51},"end":{"line":186,"column":1}},"line":157},"15":{"name":"(anonymous_15)","decl":{"start":{"line":157,"column":51},"end":{"line":157,"column":52}},"loc":{"start":{"line":157,"column":69},"end":{"line":186,"column":1}},"line":157},"16":{"name":"(anonymous_16)","decl":{"start":{"line":178,"column":21},"end":{"line":178,"column":22}},"loc":{"start":{"line":178,"column":30},"end":{"line":178,"column":69}},"line":178},"17":{"name":"(anonymous_17)","decl":{"start":{"line":189,"column":32},"end":{"line":189,"column":33}},"loc":{"start":{"line":189,"column":38},"end":{"line":204,"column":1}},"line":189},"18":{"name":"(anonymous_18)","decl":{"start":{"line":189,"column":38},"end":{"line":189,"column":39}},"loc":{"start":{"line":189,"column":56},"end":{"line":204,"column":1}},"line":189},"19":{"name":"(anonymous_19)","decl":{"start":{"line":207,"column":31},"end":{"line":207,"column":32}},"loc":{"start":{"line":207,"column":37},"end":{"line":223,"column":1}},"line":207},"20":{"name":"(anonymous_20)","decl":{"start":{"line":207,"column":37},"end":{"line":207,"column":38}},"loc":{"start":{"line":207,"column":55},"end":{"line":223,"column":1}},"line":207},"21":{"name":"(anonymous_21)","decl":{"start":{"line":226,"column":30},"end":{"line":226,"column":31}},"loc":{"start":{"line":226,"column":36},"end":{"line":244,"column":2}},"line":226},"22":{"name":"(anonymous_22)","decl":{"start":{"line":226,"column":36},"end":{"line":226,"column":37}},"loc":{"start":{"line":226,"column":54},"end":{"line":244,"column":2}},"line":226}},"branchMap":{"0":{"loc":{"start":{"line":91,"column":49},"end":{"line":91,"column":61}},"type":"default-arg","locations":[{"start":{"line":91,"column":56},"end":{"line":91,"column":61}}],"line":91},"1":{"loc":{"start":{"line":105,"column":22},"end":{"line":105,"column":66}},"type":"cond-expr","locations":[{"start":{"line":105,"column":29},"end":{"line":105,"column":46}},{"start":{"line":105,"column":49},"end":{"line":105,"column":66}}],"line":105},"2":{"loc":{"start":{"line":107,"column":4},"end":{"line":109,"column":5}},"type":"if","locations":[{"start":{"line":107,"column":4},"end":{"line":109,"column":5}},{"start":{},"end":{}}],"line":107},"3":{"loc":{"start":{"line":113,"column":4},"end":{"line":115,"column":5}},"type":"if","locations":[{"start":{"line":113,"column":4},"end":{"line":115,"column":5}},{"start":{},"end":{}}],"line":113},"4":{"loc":{"start":{"line":145,"column":4},"end":{"line":147,"column":5}},"type":"if","locations":[{"start":{"line":145,"column":4},"end":{"line":147,"column":5}},{"start":{},"end":{}}],"line":145},"5":{"loc":{"start":{"line":177,"column":4},"end":{"line":179,"column":5}},"type":"if","locations":[{"start":{"line":177,"column":4},"end":{"line":179,"column":5}},{"start":{},"end":{}}],"line":177},"6":{"loc":{"start":{"line":227,"column":3},"end":{"line":243,"column":4}},"type":"if","locations":[{"start":{"line":227,"column":3},"end":{"line":243,"column":4}},{"start":{},"end":{}}],"line":227}},"s":{"0":1,"1":0,"2":0,"3":0,"4":0,"5":0,"6":0,"7":1,"8":0,"9":0,"10":0,"11":0,"12":0,"13":0,"14":1,"15":0,"16":0,"17":0,"18":0,"19":0,"20":1,"21":0,"22":0,"23":0,"24":0,"25":0,"26":1,"27":0,"28":0,"29":0,"30":0,"31":0,"32":0,"33":0,"34":0,"35":0,"36":0,"37":0,"38":0,"39":0,"40":1,"41":0,"42":0,"43":0,"44":0,"45":0,"46":0,"47":0,"48":0,"49":0,"50":0,"51":0,"52":0,"53":1,"54":0,"55":0,"56":0,"57":0,"58":0,"59":0,"60":0,"61":0,"62":0,"63":0,"64":0,"65":0,"66":1,"67":0,"68":0,"69":0,"70":0,"71":0,"72":0,"73":1,"74":0,"75":0,"76":0,"77":0,"78":0,"79":0,"80":1,"81":0,"82":0,"83":0,"84":0,"85":0,"86":0,"87":0,"88":0},"f":{"0":0,"1":0,"2":0,"3":0,"4":0,"5":0,"6":0,"7":0,"8":0,"9":0,"10":0,"11":0,"12":0,"13":0,"14":0,"15":0,"16":0,"17":0,"18":0,"19":0,"20":0,"21":0,"22":0},"b":{"0":[0],"1":[0,0],"2":[0,0],"3":[0,0],"4":[0,0],"5":[0,0],"6":[0,0]},"_coverageSchema":"1a1c01bbd47fc00a2c39e90264f33305004495a9","hash":"c6b97b8978133ca47382b67539b67b7fb4948705"}
,"/Users/firedragonnow/apps/2020projects/fullStackApps/mayApp/client/src/actions/types.js": {"path":"/Users/firedragonnow/apps/2020projects/fullStackApps/mayApp/client/src/actions/types.js","statementMap":{"0":{"start":{"line":1,"column":26},"end":{"line":1,"column":37}},"1":{"start":{"line":2,"column":30},"end":{"line":2,"column":44}},"2":{"start":{"line":3,"column":32},"end":{"line":3,"column":50}},"3":{"start":{"line":4,"column":29},"end":{"line":4,"column":44}},"4":{"start":{"line":5,"column":27},"end":{"line":5,"column":40}},"5":{"start":{"line":6,"column":26},"end":{"line":6,"column":38}},"6":{"start":{"line":7,"column":29},"end":{"line":7,"column":44}},"7":{"start":{"line":8,"column":26},"end":{"line":8,"column":38}},"8":{"start":{"line":9,"column":22},"end":{"line":9,"column":30}},"9":{"start":{"line":10,"column":27},"end":{"line":10,"column":40}},"10":{"start":{"line":11,"column":28},"end":{"line":11,"column":42}},"11":{"start":{"line":12,"column":25},"end":{"line":12,"column":36}},"12":{"start":{"line":13,"column":30},"end":{"line":13,"column":46}},"13":{"start":{"line":14,"column":29},"end":{"line":14,"column":44}},"14":{"start":{"line":15,"column":29},"end":{"line":15,"column":44}},"15":{"start":{"line":16,"column":31},"end":{"line":16,"column":48}},"16":{"start":{"line":17,"column":25},"end":{"line":17,"column":36}},"17":{"start":{"line":18,"column":24},"end":{"line":18,"column":34}},"18":{"start":{"line":19,"column":26},"end":{"line":19,"column":38}},"19":{"start":{"line":20,"column":28},"end":{"line":20,"column":42}},"20":{"start":{"line":21,"column":27},"end":{"line":21,"column":40}},"21":{"start":{"line":22,"column":24},"end":{"line":22,"column":34}},"22":{"start":{"line":23,"column":27},"end":{"line":23,"column":40}},"23":{"start":{"line":24,"column":30},"end":{"line":24,"column":46}}},"fnMap":{},"branchMap":{},"s":{"0":1,"1":1,"2":1,"3":1,"4":1,"5":1,"6":1,"7":1,"8":1,"9":1,"10":1,"11":1,"12":1,"13":1,"14":1,"15":1,"16":1,"17":1,"18":1,"19":1,"20":1,"21":1,"22":1,"23":1},"f":{},"b":{},"_coverageSchema":"1a1c01bbd47fc00a2c39e90264f33305004495a9","hash":"3e8a2aac8d49b7e0435c9baf32a451200a211966"}
,"/Users/firedragonnow/apps/2020projects/fullStackApps/mayApp/client/src/components/auth/Login.js": {"path":"/Users/firedragonnow/apps/2020projects/fullStackApps/mayApp/client/src/components/auth/Login.js","statementMap":{"0":{"start":{"line":7,"column":14},"end":{"line":61,"column":1}},"1":{"start":{"line":8,"column":34},"end":{"line":11,"column":4}},"2":{"start":{"line":13,"column":30},"end":{"line":13,"column":38}},"3":{"start":{"line":15,"column":19},"end":{"line":16,"column":65}},"4":{"start":{"line":16,"column":4},"end":{"line":16,"column":65}},"5":{"start":{"line":18,"column":19},"end":{"line":21,"column":3}},"6":{"start":{"line":19,"column":4},"end":{"line":19,"column":23}},"7":{"start":{"line":20,"column":4},"end":{"line":20,"column":27}},"8":{"start":{"line":23,"column":2},"end":{"line":25,"column":3}},"9":{"start":{"line":24,"column":4},"end":{"line":24,"column":40}},"10":{"start":{"line":27,"column":2},"end":{"line":60,"column":4}},"11":{"start":{"line":33,"column":44},"end":{"line":33,"column":55}},"12":{"start":{"line":40,"column":27},"end":{"line":40,"column":38}},"13":{"start":{"line":50,"column":27},"end":{"line":50,"column":38}},"14":{"start":{"line":62,"column":0},"end":{"line":65,"column":2}},"15":{"start":{"line":66,"column":24},"end":{"line":68,"column":2}},"16":{"start":{"line":66,"column":34},"end":{"line":68,"column":1}}},"fnMap":{"0":{"name":"(anonymous_0)","decl":{"start":{"line":7,"column":14},"end":{"line":7,"column":15}},"loc":{"start":{"line":7,"column":46},"end":{"line":61,"column":1}},"line":7},"1":{"name":"(anonymous_1)","decl":{"start":{"line":15,"column":19},"end":{"line":15,"column":20}},"loc":{"start":{"line":16,"column":4},"end":{"line":16,"column":65}},"line":16},"2":{"name":"(anonymous_2)","decl":{"start":{"line":18,"column":19},"end":{"line":18,"column":20}},"loc":{"start":{"line":18,"column":30},"end":{"line":21,"column":3}},"line":18},"3":{"name":"(anonymous_3)","decl":{"start":{"line":33,"column":39},"end":{"line":33,"column":40}},"loc":{"start":{"line":33,"column":44},"end":{"line":33,"column":55}},"line":33},"4":{"name":"(anonymous_4)","decl":{"start":{"line":40,"column":22},"end":{"line":40,"column":23}},"loc":{"start":{"line":40,"column":27},"end":{"line":40,"column":38}},"line":40},"5":{"name":"(anonymous_5)","decl":{"start":{"line":50,"column":22},"end":{"line":50,"column":23}},"loc":{"start":{"line":50,"column":27},"end":{"line":50,"column":38}},"line":50},"6":{"name":"(anonymous_6)","decl":{"start":{"line":66,"column":24},"end":{"line":66,"column":25}},"loc":{"start":{"line":66,"column":34},"end":{"line":68,"column":1}},"line":66}},"branchMap":{"0":{"loc":{"start":{"line":23,"column":2},"end":{"line":25,"column":3}},"type":"if","locations":[{"start":{"line":23,"column":2},"end":{"line":25,"column":3}},{"start":{},"end":{}}],"line":23}},"s":{"0":1,"1":0,"2":0,"3":0,"4":0,"5":0,"6":0,"7":0,"8":0,"9":0,"10":0,"11":0,"12":0,"13":0,"14":1,"15":1,"16":0},"f":{"0":0,"1":0,"2":0,"3":0,"4":0,"5":0,"6":0},"b":{"0":[0,0]},"_coverageSchema":"1a1c01bbd47fc00a2c39e90264f33305004495a9","hash":"81057c56b6e56847f3934fcdc5b0b6aa84c7552f"}
,"/Users/firedragonnow/apps/2020projects/fullStackApps/mayApp/client/src/components/auth/Register.js": {"path":"/Users/firedragonnow/apps/2020projects/fullStackApps/mayApp/client/src/components/auth/Register.js","statementMap":{"0":{"start":{"line":8,"column":17},"end":{"line":79,"column":1}},"1":{"start":{"line":9,"column":36},"end":{"line":14,"column":4}},"2":{"start":{"line":16,"column":45},"end":{"line":16,"column":53}},"3":{"start":{"line":18,"column":19},"end":{"line":18,"column":85}},"4":{"start":{"line":18,"column":24},"end":{"line":18,"column":85}},"5":{"start":{"line":20,"column":19},"end":{"line":27,"column":3}},"6":{"start":{"line":21,"column":4},"end":{"line":21,"column":23}},"7":{"start":{"line":22,"column":4},"end":{"line":26,"column":5}},"8":{"start":{"line":23,"column":6},"end":{"line":23,"column":51}},"9":{"start":{"line":25,"column":6},"end":{"line":25,"column":41}},"10":{"start":{"line":29,"column":2},"end":{"line":31,"column":3}},"11":{"start":{"line":30,"column":4},"end":{"line":30,"column":39}},"12":{"start":{"line":33,"column":2},"end":{"line":78,"column":11}},"13":{"start":{"line":36,"column":40},"end":{"line":36,"column":51}},"14":{"start":{"line":43,"column":23},"end":{"line":43,"column":34}},"15":{"start":{"line":52,"column":21},"end":{"line":52,"column":32}},"16":{"start":{"line":61,"column":23},"end":{"line":61,"column":34}},"17":{"start":{"line":69,"column":23},"end":{"line":69,"column":34}},"18":{"start":{"line":81,"column":0},"end":{"line":85,"column":2}},"19":{"start":{"line":87,"column":24},"end":{"line":89,"column":2}},"20":{"start":{"line":87,"column":34},"end":{"line":89,"column":1}}},"fnMap":{"0":{"name":"(anonymous_0)","decl":{"start":{"line":8,"column":17},"end":{"line":8,"column":18}},"loc":{"start":{"line":8,"column":62},"end":{"line":79,"column":1}},"line":8},"1":{"name":"(anonymous_1)","decl":{"start":{"line":18,"column":19},"end":{"line":18,"column":20}},"loc":{"start":{"line":18,"column":24},"end":{"line":18,"column":85}},"line":18},"2":{"name":"(anonymous_2)","decl":{"start":{"line":20,"column":19},"end":{"line":20,"column":20}},"loc":{"start":{"line":20,"column":30},"end":{"line":27,"column":3}},"line":20},"3":{"name":"(anonymous_3)","decl":{"start":{"line":36,"column":35},"end":{"line":36,"column":36}},"loc":{"start":{"line":36,"column":40},"end":{"line":36,"column":51}},"line":36},"4":{"name":"(anonymous_4)","decl":{"start":{"line":43,"column":18},"end":{"line":43,"column":19}},"loc":{"start":{"line":43,"column":23},"end":{"line":43,"column":34}},"line":43},"5":{"name":"(anonymous_5)","decl":{"start":{"line":52,"column":16},"end":{"line":52,"column":17}},"loc":{"start":{"line":52,"column":21},"end":{"line":52,"column":32}},"line":52},"6":{"name":"(anonymous_6)","decl":{"start":{"line":61,"column":18},"end":{"line":61,"column":19}},"loc":{"start":{"line":61,"column":23},"end":{"line":61,"column":34}},"line":61},"7":{"name":"(anonymous_7)","decl":{"start":{"line":69,"column":18},"end":{"line":69,"column":19}},"loc":{"start":{"line":69,"column":23},"end":{"line":69,"column":34}},"line":69},"8":{"name":"(anonymous_8)","decl":{"start":{"line":87,"column":24},"end":{"line":87,"column":25}},"loc":{"start":{"line":87,"column":34},"end":{"line":89,"column":1}},"line":87}},"branchMap":{"0":{"loc":{"start":{"line":22,"column":4},"end":{"line":26,"column":5}},"type":"if","locations":[{"start":{"line":22,"column":4},"end":{"line":26,"column":5}},{"start":{"line":24,"column":11},"end":{"line":26,"column":5}}],"line":22},"1":{"loc":{"start":{"line":29,"column":2},"end":{"line":31,"column":3}},"type":"if","locations":[{"start":{"line":29,"column":2},"end":{"line":31,"column":3}},{"start":{},"end":{}}],"line":29}},"s":{"0":1,"1":0,"2":0,"3":0,"4":0,"5":0,"6":0,"7":0,"8":0,"9":0,"10":0,"11":0,"12":0,"13":0,"14":0,"15":0,"16":0,"17":0,"18":1,"19":1,"20":0},"f":{"0":0,"1":0,"2":0,"3":0,"4":0,"5":0,"6":0,"7":0,"8":0},"b":{"0":[0,0],"1":[0,0]},"_coverageSchema":"1a1c01bbd47fc00a2c39e90264f33305004495a9","hash":"ddca7ac8fcd90d588df1834e0803d50bc70e804f"}
,"/Users/firedragonnow/apps/2020projects/fullStackApps/mayApp/client/src/components/dashboard/Dashboard.js": {"path":"/Users/firedragonnow/apps/2020projects/fullStackApps/mayApp/client/src/components/dashboard/Dashboard.js","statementMap":{"0":{"start":{"line":12,"column":18},"end":{"line":48,"column":1}},"1":{"start":{"line":17,"column":2},"end":{"line":19,"column":26}},"2":{"start":{"line":18,"column":3},"end":{"line":18,"column":23}},"3":{"start":{"line":21,"column":2},"end":{"line":47,"column":16}},"4":{"start":{"line":33,"column":34},"end":{"line":33,"column":49}},"5":{"start":{"line":50,"column":0},"end":{"line":55,"column":2}},"6":{"start":{"line":57,"column":24},"end":{"line":60,"column":2}},"7":{"start":{"line":57,"column":34},"end":{"line":60,"column":1}}},"fnMap":{"0":{"name":"(anonymous_0)","decl":{"start":{"line":12,"column":18},"end":{"line":12,"column":19}},"loc":{"start":{"line":16,"column":37},"end":{"line":48,"column":1}},"line":16},"1":{"name":"(anonymous_1)","decl":{"start":{"line":17,"column":12},"end":{"line":17,"column":13}},"loc":{"start":{"line":17,"column":17},"end":{"line":19,"column":3}},"line":17},"2":{"name":"(anonymous_2)","decl":{"start":{"line":33,"column":29},"end":{"line":33,"column":30}},"loc":{"start":{"line":33,"column":34},"end":{"line":33,"column":49}},"line":33},"3":{"name":"(anonymous_3)","decl":{"start":{"line":57,"column":24},"end":{"line":57,"column":25}},"loc":{"start":{"line":57,"column":34},"end":{"line":60,"column":1}},"line":57}},"branchMap":{"0":{"loc":{"start":{"line":21,"column":9},"end":{"line":47,"column":15}},"type":"cond-expr","locations":[{"start":{"line":21,"column":39},"end":{"line":21,"column":49}},{"start":{"line":22,"column":4},"end":{"line":47,"column":15}}],"line":21},"1":{"loc":{"start":{"line":21,"column":9},"end":{"line":21,"column":36}},"type":"binary-expr","locations":[{"start":{"line":21,"column":9},"end":{"line":21,"column":16}},{"start":{"line":21,"column":20},"end":{"line":21,"column":36}}],"line":21},"2":{"loc":{"start":{"line":25,"column":46},"end":{"line":25,"column":63}},"type":"binary-expr","locations":[{"start":{"line":25,"column":46},"end":{"line":25,"column":50}},{"start":{"line":25,"column":54},"end":{"line":25,"column":63}}],"line":25},"3":{"loc":{"start":{"line":27,"column":7},"end":{"line":45,"column":20}},"type":"cond-expr","locations":[{"start":{"line":28,"column":9},"end":{"line":39,"column":19}},{"start":{"line":40,"column":9},"end":{"line":45,"column":19}}],"line":27}},"s":{"0":1,"1":0,"2":0,"3":0,"4":0,"5":1,"6":1,"7":0},"f":{"0":0,"1":0,"2":0,"3":0},"b":{"0":[0,0],"1":[0,0],"2":[0,0],"3":[0,0]},"_coverageSchema":"1a1c01bbd47fc00a2c39e90264f33305004495a9","hash":"ff7454260c02da24e5bfcf2f09b74e4a803ece66"}
,"/Users/firedragonnow/apps/2020projects/fullStackApps/mayApp/client/src/components/dashboard/DashboardActions.js": {"path":"/Users/firedragonnow/apps/2020projects/fullStackApps/mayApp/client/src/components/dashboard/DashboardActions.js","statementMap":{"0":{"start":{"line":4,"column":25},"end":{"line":16,"column":1}},"1":{"start":{"line":5,"column":2},"end":{"line":14,"column":3}}},"fnMap":{"0":{"name":"(anonymous_0)","decl":{"start":{"line":4,"column":25},"end":{"line":4,"column":26}},"loc":{"start":{"line":4,"column":31},"end":{"line":16,"column":1}},"line":4}},"branchMap":{},"s":{"0":1,"1":0},"f":{"0":0},"b":{},"_coverageSchema":"1a1c01bbd47fc00a2c39e90264f33305004495a9","hash":"6cdd1062c9b99fb3989d3d8e71e0510dbf19afe2"}
,"/Users/firedragonnow/apps/2020projects/fullStackApps/mayApp/client/src/components/dashboard/Education.js": {"path":"/Users/firedragonnow/apps/2020projects/fullStackApps/mayApp/client/src/components/dashboard/Education.js","statementMap":{"0":{"start":{"line":7,"column":18},"end":{"line":39,"column":1}},"1":{"start":{"line":8,"column":21},"end":{"line":20,"column":4}},"2":{"start":{"line":9,"column":4},"end":{"line":19,"column":9}},"3":{"start":{"line":17,"column":30},"end":{"line":17,"column":54}},"4":{"start":{"line":22,"column":2},"end":{"line":38,"column":3}},"5":{"start":{"line":41,"column":0},"end":{"line":44,"column":1}}},"fnMap":{"0":{"name":"(anonymous_0)","decl":{"start":{"line":7,"column":18},"end":{"line":7,"column":19}},"loc":{"start":{"line":7,"column":52},"end":{"line":39,"column":1}},"line":7},"1":{"name":"(anonymous_1)","decl":{"start":{"line":8,"column":35},"end":{"line":8,"column":36}},"loc":{"start":{"line":9,"column":4},"end":{"line":19,"column":9}},"line":9},"2":{"name":"(anonymous_2)","decl":{"start":{"line":17,"column":25},"end":{"line":17,"column":26}},"loc":{"start":{"line":17,"column":30},"end":{"line":17,"column":54}},"line":17}},"branchMap":{"0":{"loc":{"start":{"line":14,"column":9},"end":{"line":14,"column":84}},"type":"cond-expr","locations":[{"start":{"line":14,"column":28},"end":{"line":14,"column":33}},{"start":{"line":14,"column":38},"end":{"line":14,"column":83}}],"line":14}},"s":{"0":1,"1":0,"2":0,"3":0,"4":0,"5":1},"f":{"0":0,"1":0,"2":0},"b":{"0":[0,0]},"_coverageSchema":"1a1c01bbd47fc00a2c39e90264f33305004495a9","hash":"96a950abeb3292c107bd317a718ff06e258f1158"}
,"/Users/firedragonnow/apps/2020projects/fullStackApps/mayApp/client/src/components/dashboard/Experience.js": {"path":"/Users/firedragonnow/apps/2020projects/fullStackApps/mayApp/client/src/components/dashboard/Experience.js","statementMap":{"0":{"start":{"line":7,"column":19},"end":{"line":39,"column":1}},"1":{"start":{"line":8,"column":22},"end":{"line":20,"column":4}},"2":{"start":{"line":9,"column":4},"end":{"line":19,"column":9}},"3":{"start":{"line":17,"column":30},"end":{"line":17,"column":55}},"4":{"start":{"line":22,"column":2},"end":{"line":38,"column":3}},"5":{"start":{"line":41,"column":0},"end":{"line":44,"column":1}}},"fnMap":{"0":{"name":"(anonymous_0)","decl":{"start":{"line":7,"column":19},"end":{"line":7,"column":20}},"loc":{"start":{"line":7,"column":55},"end":{"line":39,"column":1}},"line":7},"1":{"name":"(anonymous_1)","decl":{"start":{"line":8,"column":37},"end":{"line":8,"column":38}},"loc":{"start":{"line":9,"column":4},"end":{"line":19,"column":9}},"line":9},"2":{"name":"(anonymous_2)","decl":{"start":{"line":17,"column":25},"end":{"line":17,"column":26}},"loc":{"start":{"line":17,"column":30},"end":{"line":17,"column":55}},"line":17}},"branchMap":{"0":{"loc":{"start":{"line":14,"column":9},"end":{"line":14,"column":84}},"type":"cond-expr","locations":[{"start":{"line":14,"column":28},"end":{"line":14,"column":33}},{"start":{"line":14,"column":38},"end":{"line":14,"column":83}}],"line":14}},"s":{"0":1,"1":0,"2":0,"3":0,"4":0,"5":1},"f":{"0":0,"1":0,"2":0},"b":{"0":[0,0]},"_coverageSchema":"1a1c01bbd47fc00a2c39e90264f33305004495a9","hash":"c2122dc650ec7a9bd55669943bb287d29d033500"}
,"/Users/firedragonnow/apps/2020projects/fullStackApps/mayApp/client/src/components/layout/Alert.js": {"path":"/Users/firedragonnow/apps/2020projects/fullStackApps/mayApp/client/src/components/layout/Alert.js","statementMap":{"0":{"start":{"line":5,"column":14},"end":{"line":12,"column":2}},"1":{"start":{"line":6,"column":1},"end":{"line":12,"column":2}},"2":{"start":{"line":9,"column":2},"end":{"line":11,"column":8}},"3":{"start":{"line":14,"column":0},"end":{"line":16,"column":2}},"4":{"start":{"line":18,"column":24},"end":{"line":20,"column":2}},"5":{"start":{"line":18,"column":34},"end":{"line":20,"column":1}}},"fnMap":{"0":{"name":"(anonymous_0)","decl":{"start":{"line":5,"column":14},"end":{"line":5,"column":15}},"loc":{"start":{"line":6,"column":1},"end":{"line":12,"column":2}},"line":6},"1":{"name":"(anonymous_1)","decl":{"start":{"line":8,"column":12},"end":{"line":8,"column":13}},"loc":{"start":{"line":9,"column":2},"end":{"line":11,"column":8}},"line":9},"2":{"name":"(anonymous_2)","decl":{"start":{"line":18,"column":24},"end":{"line":18,"column":25}},"loc":{"start":{"line":18,"column":34},"end":{"line":20,"column":1}},"line":18}},"branchMap":{"0":{"loc":{"start":{"line":6,"column":1},"end":{"line":12,"column":2}},"type":"binary-expr","locations":[{"start":{"line":6,"column":1},"end":{"line":6,"column":16}},{"start":{"line":7,"column":1},"end":{"line":7,"column":18}},{"start":{"line":8,"column":1},"end":{"line":12,"column":2}}],"line":6}},"s":{"0":1,"1":1,"2":0,"3":1,"4":1,"5":1},"f":{"0":1,"1":0,"2":1},"b":{"0":[1,1,0]},"_coverageSchema":"1a1c01bbd47fc00a2c39e90264f33305004495a9","hash":"38a6bf3c19d7fbf84c089efc0f046be90f6f0ecf"}
,"/Users/firedragonnow/apps/2020projects/fullStackApps/mayApp/client/src/components/layout/Landing.js": {"path":"/Users/firedragonnow/apps/2020projects/fullStackApps/mayApp/client/src/components/layout/Landing.js","statementMap":{"0":{"start":{"line":6,"column":16},"end":{"line":27,"column":1}},"1":{"start":{"line":7,"column":2},"end":{"line":9,"column":3}},"2":{"start":{"line":8,"column":4},"end":{"line":8,"column":38}},"3":{"start":{"line":11,"column":1},"end":{"line":26,"column":3}},"4":{"start":{"line":29,"column":0},"end":{"line":31,"column":1}},"5":{"start":{"line":33,"column":24},"end":{"line":35,"column":2}},"6":{"start":{"line":33,"column":34},"end":{"line":35,"column":1}}},"fnMap":{"0":{"name":"(anonymous_0)","decl":{"start":{"line":6,"column":16},"end":{"line":6,"column":17}},"loc":{"start":{"line":6,"column":41},"end":{"line":27,"column":1}},"line":6},"1":{"name":"(anonymous_1)","decl":{"start":{"line":33,"column":24},"end":{"line":33,"column":25}},"loc":{"start":{"line":33,"column":34},"end":{"line":35,"column":1}},"line":33}},"branchMap":{"0":{"loc":{"start":{"line":7,"column":2},"end":{"line":9,"column":3}},"type":"if","locations":[{"start":{"line":7,"column":2},"end":{"line":9,"column":3}},{"start":{},"end":{}}],"line":7}},"s":{"0":1,"1":1,"2":0,"3":1,"4":1,"5":1,"6":1},"f":{"0":1,"1":1},"b":{"0":[0,1]},"_coverageSchema":"1a1c01bbd47fc00a2c39e90264f33305004495a9","hash":"0df18144920214c5d3c706963afe35f96b69cfe7"}
,"/Users/firedragonnow/apps/2020projects/fullStackApps/mayApp/client/src/components/layout/Navbar.js": {"path":"/Users/firedragonnow/apps/2020projects/fullStackApps/mayApp/client/src/components/layout/Navbar.js","statementMap":{"0":{"start":{"line":7,"column":15},"end":{"line":57,"column":1}},"1":{"start":{"line":9,"column":4},"end":{"line":32,"column":9}},"2":{"start":{"line":35,"column":4},"end":{"line":45,"column":9}},"3":{"start":{"line":47,"column":1},"end":{"line":56,"column":4}},"4":{"start":{"line":59,"column":0},"end":{"line":62,"column":2}},"5":{"start":{"line":64,"column":24},"end":{"line":66,"column":2}},"6":{"start":{"line":64,"column":34},"end":{"line":66,"column":1}}},"fnMap":{"0":{"name":"(anonymous_0)","decl":{"start":{"line":7,"column":15},"end":{"line":7,"column":16}},"loc":{"start":{"line":7,"column":67},"end":{"line":57,"column":1}},"line":7},"1":{"name":"(anonymous_1)","decl":{"start":{"line":64,"column":24},"end":{"line":64,"column":25}},"loc":{"start":{"line":64,"column":34},"end":{"line":66,"column":1}},"line":64}},"branchMap":{"0":{"loc":{"start":{"line":54,"column":8},"end":{"line":54,"column":87}},"type":"binary-expr","locations":[{"start":{"line":54,"column":8},"end":{"line":54,"column":16}},{"start":{"line":54,"column":21},"end":{"line":54,"column":86}}],"line":54},"1":{"loc":{"start":{"line":54,"column":33},"end":{"line":54,"column":73}},"type":"cond-expr","locations":[{"start":{"line":54,"column":51},"end":{"line":54,"column":60}},{"start":{"line":54,"column":63},"end":{"line":54,"column":73}}],"line":54}},"s":{"0":1,"1":2,"2":2,"3":2,"4":1,"5":1,"6":2},"f":{"0":2,"1":2},"b":{"0":[2,0],"1":[0,0]},"_coverageSchema":"1a1c01bbd47fc00a2c39e90264f33305004495a9","hash":"ff27dc9c54a08259ccf4b9088de67eab4bd011dd"}
,"/Users/firedragonnow/apps/2020projects/fullStackApps/mayApp/client/src/components/layout/Spinner.js": {"path":"/Users/firedragonnow/apps/2020projects/fullStackApps/mayApp/client/src/components/layout/Spinner.js","statementMap":{"0":{"start":{"line":5,"column":2},"end":{"line":10,"column":13}}},"fnMap":{"0":{"name":"(anonymous_0)","decl":{"start":{"line":4,"column":15},"end":{"line":4,"column":16}},"loc":{"start":{"line":5,"column":2},"end":{"line":10,"column":13}},"line":5}},"branchMap":{},"s":{"0":0},"f":{"0":0},"b":{},"_coverageSchema":"1a1c01bbd47fc00a2c39e90264f33305004495a9","hash":"42eed503ecb0138dd17203ad183aa4de8a02e391"}
,"/Users/firedragonnow/apps/2020projects/fullStackApps/mayApp/client/src/components/post/CommentForm.js": {"path":"/Users/firedragonnow/apps/2020projects/fullStackApps/mayApp/client/src/components/post/CommentForm.js","statementMap":{"0":{"start":{"line":6,"column":20},"end":{"line":31,"column":1}},"1":{"start":{"line":7,"column":26},"end":{"line":7,"column":39}},"2":{"start":{"line":8,"column":2},"end":{"line":30,"column":4}},"3":{"start":{"line":14,"column":6},"end":{"line":14,"column":25}},"4":{"start":{"line":15,"column":6},"end":{"line":15,"column":34}},"5":{"start":{"line":16,"column":6},"end":{"line":16,"column":19}},"6":{"start":{"line":24,"column":23},"end":{"line":24,"column":46}},"7":{"start":{"line":33,"column":0},"end":{"line":35,"column":2}}},"fnMap":{"0":{"name":"(anonymous_0)","decl":{"start":{"line":6,"column":20},"end":{"line":6,"column":21}},"loc":{"start":{"line":6,"column":46},"end":{"line":31,"column":1}},"line":6},"1":{"name":"(anonymous_1)","decl":{"start":{"line":13,"column":42},"end":{"line":13,"column":43}},"loc":{"start":{"line":13,"column":47},"end":{"line":17,"column":5}},"line":13},"2":{"name":"(anonymous_2)","decl":{"start":{"line":24,"column":18},"end":{"line":24,"column":19}},"loc":{"start":{"line":24,"column":23},"end":{"line":24,"column":46}},"line":24}},"branchMap":{},"s":{"0":1,"1":0,"2":0,"3":0,"4":0,"5":0,"6":0,"7":1},"f":{"0":0,"1":0,"2":0},"b":{},"_coverageSchema":"1a1c01bbd47fc00a2c39e90264f33305004495a9","hash":"2f8f68248b48d046e26619dfc035d3c425aee560"}
,"/Users/firedragonnow/apps/2020projects/fullStackApps/mayApp/client/src/components/post/CommentItem.js": {"path":"/Users/firedragonnow/apps/2020projects/fullStackApps/mayApp/client/src/components/post/CommentItem.js","statementMap":{"0":{"start":{"line":8,"column":20},"end":{"line":38,"column":8}},"1":{"start":{"line":14,"column":6},"end":{"line":38,"column":8}},"2":{"start":{"line":33,"column":30},"end":{"line":33,"column":56}},"3":{"start":{"line":40,"column":0},"end":{"line":45,"column":1}},"4":{"start":{"line":47,"column":24},"end":{"line":49,"column":2}},"5":{"start":{"line":47,"column":34},"end":{"line":49,"column":1}}},"fnMap":{"0":{"name":"(anonymous_0)","decl":{"start":{"line":8,"column":20},"end":{"line":8,"column":21}},"loc":{"start":{"line":14,"column":6},"end":{"line":38,"column":8}},"line":14},"1":{"name":"(anonymous_1)","decl":{"start":{"line":33,"column":25},"end":{"line":33,"column":26}},"loc":{"start":{"line":33,"column":30},"end":{"line":33,"column":56}},"line":33},"2":{"name":"(anonymous_2)","decl":{"start":{"line":47,"column":24},"end":{"line":47,"column":25}},"loc":{"start":{"line":47,"column":34},"end":{"line":49,"column":1}},"line":47}},"branchMap":{"0":{"loc":{"start":{"line":32,"column":7},"end":{"line":36,"column":7}},"type":"binary-expr","locations":[{"start":{"line":32,"column":7},"end":{"line":32,"column":20}},{"start":{"line":32,"column":24},"end":{"line":32,"column":46}},{"start":{"line":33,"column":8},"end":{"line":35,"column":17}}],"line":32}},"s":{"0":1,"1":0,"2":0,"3":1,"4":1,"5":0},"f":{"0":0,"1":0,"2":0},"b":{"0":[0,0,0]},"_coverageSchema":"1a1c01bbd47fc00a2c39e90264f33305004495a9","hash":"138890c3fb594a35a64161e86c9d122fa954c409"}
,"/Users/firedragonnow/apps/2020projects/fullStackApps/mayApp/client/src/components/post/Post.js": {"path":"/Users/firedragonnow/apps/2020projects/fullStackApps/mayApp/client/src/components/post/Post.js","statementMap":{"0":{"start":{"line":11,"column":13},"end":{"line":25,"column":1}},"1":{"start":{"line":12,"column":2},"end":{"line":14,"column":33}},"2":{"start":{"line":13,"column":4},"end":{"line":13,"column":29}},"3":{"start":{"line":15,"column":2},"end":{"line":24,"column":13}},"4":{"start":{"line":21,"column":8},"end":{"line":21,"column":76}},"5":{"start":{"line":27,"column":0},"end":{"line":30,"column":1}},"6":{"start":{"line":32,"column":24},"end":{"line":34,"column":2}},"7":{"start":{"line":32,"column":34},"end":{"line":34,"column":1}}},"fnMap":{"0":{"name":"(anonymous_0)","decl":{"start":{"line":11,"column":13},"end":{"line":11,"column":14}},"loc":{"start":{"line":11,"column":62},"end":{"line":25,"column":1}},"line":11},"1":{"name":"(anonymous_1)","decl":{"start":{"line":12,"column":12},"end":{"line":12,"column":13}},"loc":{"start":{"line":12,"column":17},"end":{"line":14,"column":3}},"line":12},"2":{"name":"(anonymous_2)","decl":{"start":{"line":20,"column":25},"end":{"line":20,"column":26}},"loc":{"start":{"line":21,"column":8},"end":{"line":21,"column":76}},"line":21},"3":{"name":"(anonymous_3)","decl":{"start":{"line":32,"column":24},"end":{"line":32,"column":25}},"loc":{"start":{"line":32,"column":34},"end":{"line":34,"column":1}},"line":32}},"branchMap":{"0":{"loc":{"start":{"line":15,"column":9},"end":{"line":24,"column":13}},"type":"cond-expr","locations":[{"start":{"line":15,"column":36},"end":{"line":15,"column":47}},{"start":{"line":15,"column":50},"end":{"line":24,"column":13}}],"line":15},"1":{"loc":{"start":{"line":15,"column":9},"end":{"line":15,"column":33}},"type":"binary-expr","locations":[{"start":{"line":15,"column":9},"end":{"line":15,"column":16}},{"start":{"line":15,"column":20},"end":{"line":15,"column":33}}],"line":15}},"s":{"0":1,"1":0,"2":0,"3":0,"4":0,"5":1,"6":1,"7":0},"f":{"0":0,"1":0,"2":0,"3":0},"b":{"0":[0,0],"1":[0,0]},"_coverageSchema":"1a1c01bbd47fc00a2c39e90264f33305004495a9","hash":"ee32e15cbd95dd8da56b421fd19c8fe96a6be728"}
,"/Users/firedragonnow/apps/2020projects/fullStackApps/mayApp/client/src/components/posts/PostForm.js": {"path":"/Users/firedragonnow/apps/2020projects/fullStackApps/mayApp/client/src/components/posts/PostForm.js","statementMap":{"0":{"start":{"line":6,"column":17},"end":{"line":31,"column":1}},"1":{"start":{"line":7,"column":28},"end":{"line":7,"column":41}},"2":{"start":{"line":8,"column":2},"end":{"line":30,"column":3}},"3":{"start":{"line":14,"column":10},"end":{"line":14,"column":29}},"4":{"start":{"line":15,"column":10},"end":{"line":15,"column":28}},"5":{"start":{"line":16,"column":10},"end":{"line":16,"column":23}},"6":{"start":{"line":24,"column":27},"end":{"line":24,"column":50}},"7":{"start":{"line":33,"column":0},"end":{"line":35,"column":1}}},"fnMap":{"0":{"name":"(anonymous_0)","decl":{"start":{"line":6,"column":17},"end":{"line":6,"column":18}},"loc":{"start":{"line":6,"column":34},"end":{"line":31,"column":1}},"line":6},"1":{"name":"(anonymous_1)","decl":{"start":{"line":13,"column":46},"end":{"line":13,"column":47}},"loc":{"start":{"line":13,"column":51},"end":{"line":17,"column":9}},"line":13},"2":{"name":"(anonymous_2)","decl":{"start":{"line":24,"column":22},"end":{"line":24,"column":23}},"loc":{"start":{"line":24,"column":27},"end":{"line":24,"column":50}},"line":24}},"branchMap":{},"s":{"0":1,"1":0,"2":0,"3":0,"4":0,"5":0,"6":0,"7":1},"f":{"0":0,"1":0,"2":0},"b":{},"_coverageSchema":"1a1c01bbd47fc00a2c39e90264f33305004495a9","hash":"49a1d57d0ab43e93a8640782d3d96a2429b3ca98"}
,"/Users/firedragonnow/apps/2020projects/fullStackApps/mayApp/client/src/components/posts/PostItem.js": {"path":"/Users/firedragonnow/apps/2020projects/fullStackApps/mayApp/client/src/components/posts/PostItem.js","statementMap":{"0":{"start":{"line":8,"column":17},"end":{"line":60,"column":1}},"1":{"start":{"line":16,"column":2},"end":{"line":59,"column":8}},"2":{"start":{"line":34,"column":29},"end":{"line":34,"column":41}},"3":{"start":{"line":40,"column":28},"end":{"line":40,"column":43}},"4":{"start":{"line":50,"column":27},"end":{"line":50,"column":42}},"5":{"start":{"line":62,"column":0},"end":{"line":64,"column":2}},"6":{"start":{"line":66,"column":0},"end":{"line":72,"column":2}},"7":{"start":{"line":74,"column":24},"end":{"line":76,"column":2}},"8":{"start":{"line":74,"column":34},"end":{"line":76,"column":1}}},"fnMap":{"0":{"name":"(anonymous_0)","decl":{"start":{"line":8,"column":17},"end":{"line":8,"column":18}},"loc":{"start":{"line":16,"column":2},"end":{"line":59,"column":8}},"line":16},"1":{"name":"(anonymous_1)","decl":{"start":{"line":34,"column":25},"end":{"line":34,"column":26}},"loc":{"start":{"line":34,"column":29},"end":{"line":34,"column":41}},"line":34},"2":{"name":"(anonymous_2)","decl":{"start":{"line":40,"column":25},"end":{"line":40,"column":26}},"loc":{"start":{"line":40,"column":28},"end":{"line":40,"column":43}},"line":40},"3":{"name":"(anonymous_3)","decl":{"start":{"line":50,"column":22},"end":{"line":50,"column":23}},"loc":{"start":{"line":50,"column":27},"end":{"line":50,"column":42}},"line":50},"4":{"name":"(anonymous_4)","decl":{"start":{"line":74,"column":24},"end":{"line":74,"column":25}},"loc":{"start":{"line":74,"column":34},"end":{"line":76,"column":1}},"line":74}},"branchMap":{"0":{"loc":{"start":{"line":33,"column":7},"end":{"line":57,"column":7}},"type":"binary-expr","locations":[{"start":{"line":33,"column":7},"end":{"line":33,"column":18}},{"start":{"line":33,"column":23},"end":{"line":56,"column":17}}],"line":33},"1":{"loc":{"start":{"line":36,"column":17},"end":{"line":38,"column":11}},"type":"binary-expr","locations":[{"start":{"line":36,"column":17},"end":{"line":36,"column":33}},{"start":{"line":37,"column":12},"end":{"line":37,"column":39}}],"line":36},"2":{"loc":{"start":{"line":44,"column":38},"end":{"line":46,"column":11}},"type":"binary-expr","locations":[{"start":{"line":44,"column":38},"end":{"line":44,"column":57}},{"start":{"line":45,"column":12},"end":{"line":45,"column":64}}],"line":44},"3":{"loc":{"start":{"line":48,"column":9},"end":{"line":55,"column":9}},"type":"binary-expr","locations":[{"start":{"line":48,"column":9},"end":{"line":48,"column":22}},{"start":{"line":48,"column":26},"end":{"line":48,"column":48}},{"start":{"line":49,"column":10},"end":{"line":54,"column":19}}],"line":48}},"s":{"0":1,"1":0,"2":0,"3":0,"4":0,"5":1,"6":1,"7":1,"8":0},"f":{"0":0,"1":0,"2":0,"3":0,"4":0},"b":{"0":[0,0],"1":[0,0],"2":[0,0],"3":[0,0,0]},"_coverageSchema":"1a1c01bbd47fc00a2c39e90264f33305004495a9","hash":"bfa1ca1f747bf35cca38fc412eec5a71f5980fcd"}
,"/Users/firedragonnow/apps/2020projects/fullStackApps/mayApp/client/src/components/posts/Posts.js": {"path":"/Users/firedragonnow/apps/2020projects/fullStackApps/mayApp/client/src/components/posts/Posts.js","statementMap":{"0":{"start":{"line":9,"column":14},"end":{"line":26,"column":1}},"1":{"start":{"line":10,"column":2},"end":{"line":12,"column":17}},"2":{"start":{"line":11,"column":4},"end":{"line":11,"column":15}},"3":{"start":{"line":14,"column":2},"end":{"line":25,"column":6}},"4":{"start":{"line":21,"column":10},"end":{"line":21,"column":49}},"5":{"start":{"line":28,"column":0},"end":{"line":32,"column":1}},"6":{"start":{"line":34,"column":24},"end":{"line":36,"column":2}},"7":{"start":{"line":34,"column":34},"end":{"line":36,"column":1}}},"fnMap":{"0":{"name":"(anonymous_0)","decl":{"start":{"line":9,"column":14},"end":{"line":9,"column":15}},"loc":{"start":{"line":9,"column":56},"end":{"line":26,"column":1}},"line":9},"1":{"name":"(anonymous_1)","decl":{"start":{"line":10,"column":12},"end":{"line":10,"column":13}},"loc":{"start":{"line":10,"column":18},"end":{"line":12,"column":3}},"line":10},"2":{"name":"(anonymous_2)","decl":{"start":{"line":20,"column":19},"end":{"line":20,"column":20}},"loc":{"start":{"line":21,"column":10},"end":{"line":21,"column":49}},"line":21},"3":{"name":"(anonymous_3)","decl":{"start":{"line":34,"column":24},"end":{"line":34,"column":25}},"loc":{"start":{"line":34,"column":34},"end":{"line":36,"column":1}},"line":34}},"branchMap":{"0":{"loc":{"start":{"line":14,"column":9},"end":{"line":25,"column":5}},"type":"cond-expr","locations":[{"start":{"line":14,"column":21},"end":{"line":14,"column":32}},{"start":{"line":14,"column":37},"end":{"line":24,"column":13}}],"line":14}},"s":{"0":1,"1":0,"2":0,"3":0,"4":0,"5":1,"6":1,"7":0},"f":{"0":0,"1":0,"2":0,"3":0},"b":{"0":[0,0]},"_coverageSchema":"1a1c01bbd47fc00a2c39e90264f33305004495a9","hash":"251675e31897a5978e3ff5da9addc98e3424245a"}
,"/Users/firedragonnow/apps/2020projects/fullStackApps/mayApp/client/src/components/profile/Profile.js": {"path":"/Users/firedragonnow/apps/2020projects/fullStackApps/mayApp/client/src/components/profile/Profile.js","statementMap":{"0":{"start":{"line":13,"column":16},"end":{"line":69,"column":1}},"1":{"start":{"line":18,"column":4},"end":{"line":20,"column":42}},"2":{"start":{"line":19,"column":6},"end":{"line":19,"column":40}},"3":{"start":{"line":22,"column":2},"end":{"line":68,"column":3}},"4":{"start":{"line":44,"column":22},"end":{"line":46,"column":50}},"5":{"start":{"line":54,"column":22},"end":{"line":56,"column":48}},"6":{"start":{"line":71,"column":0},"end":{"line":75,"column":1}},"7":{"start":{"line":77,"column":24},"end":{"line":80,"column":2}},"8":{"start":{"line":77,"column":34},"end":{"line":80,"column":1}}},"fnMap":{"0":{"name":"(anonymous_0)","decl":{"start":{"line":13,"column":16},"end":{"line":13,"column":17}},"loc":{"start":{"line":17,"column":14},"end":{"line":69,"column":1}},"line":17},"1":{"name":"(anonymous_1)","decl":{"start":{"line":18,"column":14},"end":{"line":18,"column":15}},"loc":{"start":{"line":18,"column":20},"end":{"line":20,"column":5}},"line":18},"2":{"name":"(anonymous_2)","decl":{"start":{"line":43,"column":44},"end":{"line":43,"column":45}},"loc":{"start":{"line":44,"column":22},"end":{"line":46,"column":50}},"line":44},"3":{"name":"(anonymous_3)","decl":{"start":{"line":53,"column":43},"end":{"line":53,"column":44}},"loc":{"start":{"line":54,"column":22},"end":{"line":56,"column":48}},"line":54},"4":{"name":"(anonymous_4)","decl":{"start":{"line":77,"column":24},"end":{"line":77,"column":25}},"loc":{"start":{"line":77,"column":34},"end":{"line":80,"column":1}},"line":77}},"branchMap":{"0":{"loc":{"start":{"line":25,"column":10},"end":{"line":65,"column":11}},"type":"cond-expr","locations":[{"start":{"line":25,"column":42},"end":{"line":25,"column":53}},{"start":{"line":27,"column":10},"end":{"line":64,"column":21}}],"line":25},"1":{"loc":{"start":{"line":25,"column":10},"end":{"line":25,"column":37}},"type":"binary-expr","locations":[{"start":{"line":25,"column":10},"end":{"line":25,"column":26}},{"start":{"line":25,"column":30},"end":{"line":25,"column":37}}],"line":25},"2":{"loc":{"start":{"line":30,"column":14},"end":{"line":35,"column":92}},"type":"binary-expr","locations":[{"start":{"line":30,"column":14},"end":{"line":30,"column":34}},{"start":{"line":32,"column":14},"end":{"line":32,"column":36}},{"start":{"line":34,"column":14},"end":{"line":34,"column":48}},{"start":{"line":35,"column":21},"end":{"line":35,"column":90}}],"line":30},"3":{"loc":{"start":{"line":42,"column":19},"end":{"line":48,"column":58}},"type":"cond-expr","locations":[{"start":{"line":42,"column":52},"end":{"line":48,"column":29}},{"start":{"line":48,"column":34},"end":{"line":48,"column":57}}],"line":42},"4":{"loc":{"start":{"line":52,"column":19},"end":{"line":58,"column":57}},"type":"cond-expr","locations":[{"start":{"line":52,"column":51},"end":{"line":58,"column":29}},{"start":{"line":58,"column":34},"end":{"line":58,"column":56}}],"line":52},"5":{"loc":{"start":{"line":60,"column":17},"end":{"line":62,"column":17}},"type":"binary-expr","locations":[{"start":{"line":60,"column":17},"end":{"line":60,"column":39}},{"start":{"line":61,"column":18},"end":{"line":61,"column":69}}],"line":60}},"s":{"0":1,"1":0,"2":0,"3":0,"4":0,"5":0,"6":1,"7":1,"8":0},"f":{"0":0,"1":0,"2":0,"3":0,"4":0},"b":{"0":[0,0],"1":[0,0],"2":[0,0,0,0],"3":[0,0],"4":[0,0],"5":[0,0]},"_coverageSchema":"1a1c01bbd47fc00a2c39e90264f33305004495a9","hash":"39b925871b66191f5cc1e7dcc0f22d21db8ede25"}
,"/Users/firedragonnow/apps/2020projects/fullStackApps/mayApp/client/src/components/profile/ProfileAbout.js": {"path":"/Users/firedragonnow/apps/2020projects/fullStackApps/mayApp/client/src/components/profile/ProfileAbout.js","statementMap":{"0":{"start":{"line":4,"column":21},"end":{"line":31,"column":8}},"1":{"start":{"line":11,"column":4},"end":{"line":31,"column":8}},"2":{"start":{"line":26,"column":8},"end":{"line":28,"column":14}},"3":{"start":{"line":34,"column":0},"end":{"line":36,"column":2}}},"fnMap":{"0":{"name":"(anonymous_0)","decl":{"start":{"line":4,"column":21},"end":{"line":4,"column":22}},"loc":{"start":{"line":11,"column":4},"end":{"line":31,"column":8}},"line":11},"1":{"name":"(anonymous_1)","decl":{"start":{"line":25,"column":18},"end":{"line":25,"column":19}},"loc":{"start":{"line":26,"column":8},"end":{"line":28,"column":14}},"line":26}},"branchMap":{"0":{"loc":{"start":{"line":12,"column":8},"end":{"line":20,"column":9}},"type":"binary-expr","locations":[{"start":{"line":12,"column":8},"end":{"line":12,"column":11}},{"start":{"line":13,"column":8},"end":{"line":19,"column":19}}],"line":12}},"s":{"0":1,"1":0,"2":0,"3":1},"f":{"0":0,"1":0},"b":{"0":[0,0]},"_coverageSchema":"1a1c01bbd47fc00a2c39e90264f33305004495a9","hash":"0d2d65270e6c346356de278b7711b38a859f8596"}
,"/Users/firedragonnow/apps/2020projects/fullStackApps/mayApp/client/src/components/profile/ProfileEducation.js": {"path":"/Users/firedragonnow/apps/2020projects/fullStackApps/mayApp/client/src/components/profile/ProfileEducation.js","statementMap":{"0":{"start":{"line":5,"column":25},"end":{"line":28,"column":7}},"1":{"start":{"line":14,"column":1},"end":{"line":28,"column":7}},"2":{"start":{"line":30,"column":0},"end":{"line":32,"column":1}}},"fnMap":{"0":{"name":"(anonymous_0)","decl":{"start":{"line":5,"column":25},"end":{"line":5,"column":26}},"loc":{"start":{"line":14,"column":1},"end":{"line":28,"column":7}},"line":14}},"branchMap":{"0":{"loc":{"start":{"line":17,"column":47},"end":{"line":17,"column":102}},"type":"cond-expr","locations":[{"start":{"line":17,"column":53},"end":{"line":17,"column":58}},{"start":{"line":17,"column":61},"end":{"line":17,"column":102}}],"line":17}},"s":{"0":1,"1":0,"2":1},"f":{"0":0},"b":{"0":[0,0]},"_coverageSchema":"1a1c01bbd47fc00a2c39e90264f33305004495a9","hash":"4dec10783042346224edc4df38ec9f70787c945f"}
,"/Users/firedragonnow/apps/2020projects/fullStackApps/mayApp/client/src/components/profile/ProfileExperience.js": {"path":"/Users/firedragonnow/apps/2020projects/fullStackApps/mayApp/client/src/components/profile/ProfileExperience.js","statementMap":{"0":{"start":{"line":5,"column":26},"end":{"line":25,"column":7}},"1":{"start":{"line":14,"column":1},"end":{"line":25,"column":7}},"2":{"start":{"line":27,"column":0},"end":{"line":29,"column":1}}},"fnMap":{"0":{"name":"(anonymous_0)","decl":{"start":{"line":5,"column":26},"end":{"line":5,"column":27}},"loc":{"start":{"line":14,"column":1},"end":{"line":25,"column":7}},"line":14}},"branchMap":{"0":{"loc":{"start":{"line":17,"column":47},"end":{"line":17,"column":102}},"type":"cond-expr","locations":[{"start":{"line":17,"column":53},"end":{"line":17,"column":58}},{"start":{"line":17,"column":61},"end":{"line":17,"column":102}}],"line":17}},"s":{"0":1,"1":0,"2":1},"f":{"0":0},"b":{"0":[0,0]},"_coverageSchema":"1a1c01bbd47fc00a2c39e90264f33305004495a9","hash":"d1b42ce5e2e4d6f52bb94653dee7c048839fd5c6"}
,"/Users/firedragonnow/apps/2020projects/fullStackApps/mayApp/client/src/components/profile/ProfileGithub.js": {"path":"/Users/firedragonnow/apps/2020projects/fullStackApps/mayApp/client/src/components/profile/ProfileGithub.js","statementMap":{"0":{"start":{"line":7,"column":22},"end":{"line":48,"column":1}},"1":{"start":{"line":8,"column":2},"end":{"line":10,"column":33}},"2":{"start":{"line":9,"column":4},"end":{"line":9,"column":29}},"3":{"start":{"line":12,"column":2},"end":{"line":47,"column":4}},"4":{"start":{"line":17,"column":9},"end":{"line":43,"column":15}},"5":{"start":{"line":50,"column":0},"end":{"line":54,"column":1}},"6":{"start":{"line":56,"column":24},"end":{"line":58,"column":2}},"7":{"start":{"line":56,"column":34},"end":{"line":58,"column":1}}},"fnMap":{"0":{"name":"(anonymous_0)","decl":{"start":{"line":7,"column":22},"end":{"line":7,"column":23}},"loc":{"start":{"line":7,"column":61},"end":{"line":48,"column":1}},"line":7},"1":{"name":"(anonymous_1)","decl":{"start":{"line":8,"column":12},"end":{"line":8,"column":13}},"loc":{"start":{"line":8,"column":18},"end":{"line":10,"column":3}},"line":8},"2":{"name":"(anonymous_2)","decl":{"start":{"line":16,"column":17},"end":{"line":16,"column":18}},"loc":{"start":{"line":17,"column":9},"end":{"line":43,"column":15}},"line":17},"3":{"name":"(anonymous_3)","decl":{"start":{"line":56,"column":24},"end":{"line":56,"column":25}},"loc":{"start":{"line":56,"column":34},"end":{"line":58,"column":1}},"line":56}},"branchMap":{"0":{"loc":{"start":{"line":15,"column":6},"end":{"line":45,"column":6}},"type":"cond-expr","locations":[{"start":{"line":15,"column":23},"end":{"line":15,"column":34}},{"start":{"line":16,"column":7},"end":{"line":44,"column":9}}],"line":15}},"s":{"0":1,"1":0,"2":0,"3":0,"4":0,"5":1,"6":1,"7":0},"f":{"0":0,"1":0,"2":0,"3":0},"b":{"0":[0,0]},"_coverageSchema":"1a1c01bbd47fc00a2c39e90264f33305004495a9","hash":"e01d35c74ea40887532a79cfddfc1e568c3ce971"}
,"/Users/firedragonnow/apps/2020projects/fullStackApps/mayApp/client/src/components/profile/ProfileTop.js": {"path":"/Users/firedragonnow/apps/2020projects/fullStackApps/mayApp/client/src/components/profile/ProfileTop.js","statementMap":{"0":{"start":{"line":4,"column":19},"end":{"line":70,"column":1}},"1":{"start":{"line":14,"column":2},"end":{"line":69,"column":3}},"2":{"start":{"line":72,"column":0},"end":{"line":74,"column":1}}},"fnMap":{"0":{"name":"(anonymous_0)","decl":{"start":{"line":4,"column":19},"end":{"line":4,"column":20}},"loc":{"start":{"line":13,"column":6},"end":{"line":70,"column":1}},"line":13}},"branchMap":{"0":{"loc":{"start":{"line":22,"column":36},"end":{"line":22,"column":72}},"type":"binary-expr","locations":[{"start":{"line":22,"column":36},"end":{"line":22,"column":43}},{"start":{"line":22,"column":47},"end":{"line":22,"column":72}}],"line":22},"1":{"loc":{"start":{"line":23,"column":10},"end":{"line":23,"column":45}},"type":"binary-expr","locations":[{"start":{"line":23,"column":10},"end":{"line":23,"column":18}},{"start":{"line":23,"column":22},"end":{"line":23,"column":45}}],"line":23},"2":{"loc":{"start":{"line":26,"column":10},"end":{"line":30,"column":11}},"type":"binary-expr","locations":[{"start":{"line":26,"column":10},"end":{"line":26,"column":17}},{"start":{"line":27,"column":11},"end":{"line":29,"column":15}}],"line":26},"3":{"loc":{"start":{"line":33,"column":10},"end":{"line":37,"column":11}},"type":"binary-expr","locations":[{"start":{"line":33,"column":10},"end":{"line":33,"column":16}},{"start":{"line":33,"column":20},"end":{"line":33,"column":34}},{"start":{"line":34,"column":11},"end":{"line":36,"column":15}}],"line":33},"4":{"loc":{"start":{"line":40,"column":10},"end":{"line":44,"column":11}},"type":"binary-expr","locations":[{"start":{"line":40,"column":10},"end":{"line":40,"column":16}},{"start":{"line":40,"column":20},"end":{"line":40,"column":35}},{"start":{"line":41,"column":11},"end":{"line":43,"column":15}}],"line":40},"5":{"loc":{"start":{"line":47,"column":10},"end":{"line":51,"column":11}},"type":"binary-expr","locations":[{"start":{"line":47,"column":10},"end":{"line":47,"column":16}},{"start":{"line":47,"column":20},"end":{"line":47,"column":35}},{"start":{"line":48,"column":11},"end":{"line":50,"column":15}}],"line":47},"6":{"loc":{"start":{"line":54,"column":10},"end":{"line":58,"column":11}},"type":"binary-expr","locations":[{"start":{"line":54,"column":10},"end":{"line":54,"column":16}},{"start":{"line":54,"column":20},"end":{"line":54,"column":34}},{"start":{"line":55,"column":11},"end":{"line":57,"column":15}}],"line":54},"7":{"loc":{"start":{"line":61,"column":10},"end":{"line":65,"column":11}},"type":"binary-expr","locations":[{"start":{"line":61,"column":10},"end":{"line":61,"column":16}},{"start":{"line":61,"column":20},"end":{"line":61,"column":36}},{"start":{"line":62,"column":11},"end":{"line":64,"column":15}}],"line":61}},"s":{"0":1,"1":0,"2":1},"f":{"0":0},"b":{"0":[0,0],"1":[0,0],"2":[0,0],"3":[0,0,0],"4":[0,0,0],"5":[0,0,0],"6":[0,0,0],"7":[0,0,0]},"_coverageSchema":"1a1c01bbd47fc00a2c39e90264f33305004495a9","hash":"751d024fe91374ff90de2faca8d51b3346004914"}
,"/Users/firedragonnow/apps/2020projects/fullStackApps/mayApp/client/src/components/profile-forms/AddEducation.js": {"path":"/Users/firedragonnow/apps/2020projects/fullStackApps/mayApp/client/src/components/profile-forms/AddEducation.js","statementMap":{"0":{"start":{"line":7,"column":21},"end":{"line":86,"column":2}},"1":{"start":{"line":8,"column":33},"end":{"line":16,"column":3}},"2":{"start":{"line":17,"column":42},"end":{"line":17,"column":57}},"3":{"start":{"line":18,"column":73},"end":{"line":18,"column":81}},"4":{"start":{"line":19,"column":18},"end":{"line":19,"column":83}},"5":{"start":{"line":19,"column":23},"end":{"line":19,"column":83}},"6":{"start":{"line":21,"column":1},"end":{"line":86,"column":1}},"7":{"start":{"line":31,"column":12},"end":{"line":31,"column":31}},"8":{"start":{"line":32,"column":12},"end":{"line":32,"column":44}},"9":{"start":{"line":36,"column":29},"end":{"line":36,"column":40}},"10":{"start":{"line":40,"column":29},"end":{"line":40,"column":40}},"11":{"start":{"line":44,"column":29},"end":{"line":44,"column":40}},"12":{"start":{"line":48,"column":73},"end":{"line":48,"column":84}},"13":{"start":{"line":59,"column":18},"end":{"line":59,"column":66}},"14":{"start":{"line":60,"column":18},"end":{"line":60,"column":50}},"15":{"start":{"line":70,"column":31},"end":{"line":70,"column":42}},"16":{"start":{"line":79,"column":51},"end":{"line":79,"column":62}},"17":{"start":{"line":88,"column":0},"end":{"line":90,"column":1}}},"fnMap":{"0":{"name":"(anonymous_0)","decl":{"start":{"line":7,"column":21},"end":{"line":7,"column":22}},"loc":{"start":{"line":7,"column":51},"end":{"line":86,"column":2}},"line":7},"1":{"name":"(anonymous_1)","decl":{"start":{"line":19,"column":18},"end":{"line":19,"column":19}},"loc":{"start":{"line":19,"column":23},"end":{"line":19,"column":83}},"line":19},"2":{"name":"(anonymous_2)","decl":{"start":{"line":30,"column":43},"end":{"line":30,"column":44}},"loc":{"start":{"line":30,"column":48},"end":{"line":33,"column":11}},"line":30},"3":{"name":"(anonymous_3)","decl":{"start":{"line":36,"column":24},"end":{"line":36,"column":25}},"loc":{"start":{"line":36,"column":29},"end":{"line":36,"column":40}},"line":36},"4":{"name":"(anonymous_4)","decl":{"start":{"line":40,"column":24},"end":{"line":40,"column":25}},"loc":{"start":{"line":40,"column":29},"end":{"line":40,"column":40}},"line":40},"5":{"name":"(anonymous_5)","decl":{"start":{"line":44,"column":24},"end":{"line":44,"column":25}},"loc":{"start":{"line":44,"column":29},"end":{"line":44,"column":40}},"line":44},"6":{"name":"(anonymous_6)","decl":{"start":{"line":48,"column":68},"end":{"line":48,"column":69}},"loc":{"start":{"line":48,"column":73},"end":{"line":48,"column":84}},"line":48},"7":{"name":"(anonymous_7)","decl":{
[...]
2,"column":34}},"type":"binary-expr","locations":[{"start":{"line":42,"column":11},"end":{"line":42,"column":18}},{"start":{"line":42,"column":22},"end":{"line":42,"column":34}}],"line":42},"14":{"loc":{"start":{"line":43,"column":15},"end":{"line":43,"column":71}},"type":"cond-expr","locations":[{"start":{"line":43,"column":44},"end":{"line":43,"column":46}},{"start":{"line":43,"column":49},"end":{"line":43,"column":71}}],"line":43},"15":{"loc":{"start":{"line":43,"column":15},"end":{"line":43,"column":41}},"type":"binary-expr","locations":[{"start":{"line":43,"column":15},"end":{"line":43,"column":22}},{"start":{"line":43,"column":26},"end":{"line":43,"column":41}}],"line":43},"16":{"loc":{"start":{"line":44,"column":16},"end":{"line":44,"column":73}},"type":"cond-expr","locations":[{"start":{"line":44,"column":45},"end":{"line":44,"column":47}},{"start":{"line":44,"column":50},"end":{"line":44,"column":73}}],"line":44},"17":{"loc":{"start":{"line":44,"column":16},"end":{"line":44,"column":42}},"type":"binary-expr","locations":[{"start":{"line":44,"column":16},"end":{"line":44,"column":23}},{"start":{"line":44,"column":27},"end":{"line":44,"column":42}}],"line":44},"18":{"loc":{"start":{"line":45,"column":16},"end":{"line":45,"column":73}},"type":"cond-expr","locations":[{"start":{"line":45,"column":45},"end":{"line":45,"column":47}},{"start":{"line":45,"column":50},"end":{"line":45,"column":73}}],"line":45},"19":{"loc":{"start":{"line":45,"column":16},"end":{"line":45,"column":42}},"type":"binary-expr","locations":[{"start":{"line":45,"column":16},"end":{"line":45,"column":23}},{"start":{"line":45,"column":27},"end":{"line":45,"column":42}}],"line":45},"20":{"loc":{"start":{"line":46,"column":15},"end":{"line":46,"column":71}},"type":"cond-expr","locations":[{"start":{"line":46,"column":44},"end":{"line":46,"column":46}},{"start":{"line":46,"column":49},"end":{"line":46,"column":71}}],"line":46},"21":{"loc":{"start":{"line":46,"column":15},"end":{"line":46,"column":41}},"type":"binary-expr","locations":[{"start":{"line":46,"column":15},"end":{"line":46,"column":22}},{"start":{"line":46,"column":26},"end":{"line":46,"column":41}}],"line":46},"22":{"loc":{"start":{"line":47,"column":17},"end":{"line":47,"column":75}},"type":"cond-expr","locations":[{"start":{"line":47,"column":46},"end":{"line":47,"column":48}},{"start":{"line":47,"column":51},"end":{"line":47,"column":75}}],"line":47},"23":{"loc":{"start":{"line":47,"column":17},"end":{"line":47,"column":43}},"type":"binary-expr","locations":[{"start":{"line":47,"column":17},"end":{"line":47,"column":24}},{"start":{"line":47,"column":28},"end":{"line":47,"column":43}}],"line":47},"24":{"loc":{"start":{"line":190,"column":9},"end":{"line":243,"column":9}},"type":"binary-expr","locations":[{"start":{"line":190,"column":9},"end":{"line":190,"column":28}},{"start":{"line":191,"column":10},"end":{"line":242,"column":21}}],"line":190}},"s":{"0":1,"1":0,"2":0,"3":0,"4":0,"5":0,"6":0,"7":0,"8":0,"9":0,"10":0,"11":0,"12":0,"13":0,"14":0,"15":0,"16":0,"17":0,"18":0,"19":0,"20":0,"21":0,"22":0,"23":0,"24":0,"25":0,"26":0,"27":1,"28":1,"29":0},"f":{"0":0,"1":0,"2":0,"3":0,"4":0,"5":0,"6":0,"7":0,"8":0,"9":0,"10":0,"11":0,"12":0,"13":0,"14":0,"15":0,"16":0,"17":0,"18":0},"b":{"0":[0,0],"1":[0,0],"2":[0,0],"3":[0,0],"4":[0,0],"5":[0,0],"6":[0,0],"7":[0,0],"8":[0,0],"9":[0,0],"10":[0,0],"11":[0,0],"12":[0,0],"13":[0,0],"14":[0,0],"15":[0,0],"16":[0,0],"17":[0,0],"18":[0,0],"19":[0,0],"20":[0,0],"21":[0,0],"22":[0,0],"23":[0,0],"24":[0,0]},"_coverageSchema":"1a1c01bbd47fc00a2c39e90264f33305004495a9","hash":"a86e9e8f47a241005508ec3bff1eeda28df31fd2"}
,"/Users/firedragonnow/apps/2020projects/fullStackApps/mayApp/client/src/components/profiles/ProfileItem.js": {"path":"/Users/firedragonnow/apps/2020projects/fullStackApps/mayApp/client/src/components/profiles/ProfileItem.js","statementMap":{"0":{"start":{"line":5,"column":20},"end":{"line":32,"column":1}},"1":{"start":{"line":13,"column":2},"end":{"line":31,"column":3}},"2":{"start":{"line":25,"column":10},"end":{"line":27,"column":15}},"3":{"start":{"line":34,"column":0},"end":{"line":36,"column":2}}},"fnMap":{"0":{"name":"(anonymous_0)","decl":{"start":{"line":5,"column":20},"end":{"line":5,"column":21}},"loc":{"start":{"line":12,"column":6},"end":{"line":32,"column":1}},"line":12},"1":{"name":"(anonymous_1)","decl":{"start":{"line":24,"column":31},"end":{"line":24,"column":32}},"loc":{"start":{"line":25,"column":10},"end":{"line":27,"column":15}},"line":25}},"branchMap":{"0":{"loc":{"start":{"line":17,"column":19},"end":{"line":17,"column":55}},"type":"binary-expr","locations":[{"start":{"line":17,"column":19},"end":{"line":17,"column":26}},{"start":{"line":17,"column":30},"end":{"line":17,"column":55}}],"line":17},"1":{"loc":{"start":{"line":18,"column":27},"end":{"line":18,"column":62}},"type":"binary-expr","locations":[{"start":{"line":18,"column":27},"end":{"line":18,"column":35}},{"start":{"line":18,"column":39},"end":{"line":18,"column":62}}],"line":18}},"s":{"0":1,"1":0,"2":0,"3":1},"f":{"0":0,"1":0},"b":{"0":[0,0],"1":[0,0]},"_coverageSchema":"1a1c01bbd47fc00a2c39e90264f33305004495a9","hash":"a5197d769bde67c1334776a0c7d573f2a356bdb1"}
,"/Users/firedragonnow/apps/2020projects/fullStackApps/mayApp/client/src/components/profiles/Profiles.js": {"path":"/Users/firedragonnow/apps/2020projects/fullStackApps/mayApp/client/src/components/profiles/Profiles.js","statementMap":{"0":{"start":{"line":8,"column":17},"end":{"line":29,"column":1}},"1":{"start":{"line":9,"column":2},"end":{"line":11,"column":20}},"2":{"start":{"line":10,"column":4},"end":{"line":10,"column":18}},"3":{"start":{"line":12,"column":2},"end":{"line":28,"column":3}},"4":{"start":{"line":22,"column":12},"end":{"line":22,"column":63}},"5":{"start":{"line":31,"column":0},"end":{"line":34,"column":1}},"6":{"start":{"line":36,"column":24},"end":{"line":38,"column":2}},"7":{"start":{"line":36,"column":34},"end":{"line":38,"column":1}}},"fnMap":{"0":{"name":"(anonymous_0)","decl":{"start":{"line":8,"column":17},"end":{"line":8,"column":18}},"loc":{"start":{"line":8,"column":68},"end":{"line":29,"column":1}},"line":8},"1":{"name":"(anonymous_1)","decl":{"start":{"line":9,"column":12},"end":{"line":9,"column":13}},"loc":{"start":{"line":9,"column":17},"end":{"line":11,"column":3}},"line":9},"2":{"name":"(anonymous_2)","decl":{"start":{"line":21,"column":23},"end":{"line":21,"column":24}},"loc":{"start":{"line":22,"column":12},"end":{"line":22,"column":63}},"line":22},"3":{"name":"(anonymous_3)","decl":{"start":{"line":36,"column":24},"end":{"line":36,"column":25}},"loc":{"start":{"line":36,"column":34},"end":{"line":38,"column":1}},"line":36}},"branchMap":{"0":{"loc":{"start":{"line":14,"column":7},"end":{"line":26,"column":17}},"type":"cond-expr","locations":[{"start":{"line":14,"column":17},"end":{"line":14,"column":28}},{"start":{"line":14,"column":31},"end":{"line":26,"column":17}}],"line":14},"1":{"loc":{"start":{"line":20,"column":9},"end":{"line":24,"column":43}},"type":"cond-expr","locations":[{"start":{"line":21,"column":10},"end":{"line":23,"column":12}},{"start":{"line":24,"column":12},"end":{"line":24,"column":43}}],"line":20}},"s":{"0":1,"1":0,"2":0,"3":0,"4":0,"5":1,"6":1,"7":0},"f":{"0":0,"1":0,"2":0,"3":0},"b":{"0":[0,0],"1":[0,0]},"_coverageSchema":"1a1c01bbd47fc00a2c39e90264f33305004495a9","hash":"bfc121e7870207cc5f0306466d1bda39232e0ecf"}
,"/Users/firedragonnow/apps/2020projects/fullStackApps/mayApp/client/src/components/routing/PrivateRoute.js": {"path":"/Users/firedragonnow/apps/2020projects/fullStackApps/mayApp/client/src/components/routing/PrivateRoute.js","statementMap":{"0":{"start":{"line":6,"column":21},"end":{"line":15,"column":1}},"1":{"start":{"line":7,"column":2},"end":{"line":14,"column":4}},"2":{"start":{"line":10,"column":4},"end":{"line":12,"column":7}},"3":{"start":{"line":17,"column":0},"end":{"line":19,"column":1}},"4":{"start":{"line":21,"column":24},"end":{"line":24,"column":2}},"5":{"start":{"line":21,"column":33},"end":{"line":24,"column":1}}},"fnMap":{"0":{"name":"(anonymous_0)","decl":{"start":{"line":6,"column":21},"end":{"line":6,"column":22}},"loc":{"start":{"line":7,"column":2},"end":{"line":14,"column":4}},"line":7},"1":{"name":"(anonymous_1)","decl":{"start":{"line":9,"column":12},"end":{"line":9,"column":13}},"loc":{"start":{"line":10,"column":4},"end":{"line":12,"column":7}},"line":10},"2":{"name":"(anonymous_2)","decl":{"start":{"line":21,"column":24},"end":{"line":21,"column":25}},"loc":{"start":{"line":21,"column":33},"end":{"line":24,"column":1}},"line":21}},"branchMap":{"0":{"loc":{"start":{"line":10,"column":4},"end":{"line":12,"column":7}},"type":"cond-expr","locations":[{"start":{"line":11,"column":6},"end":{"line":11,"column":30}},{"start":{"line":11,"column":35},"end":{"line":11,"column":58}}],"line":10},"1":{"loc":{"start":{"line":10,"column":4},"end":{"line":10,"column":32}},"type":"binary-expr","locations":[{"start":{"line":10,"column":4},"end":{"line":10,"column":20}},{"start":{"line":10,"column":24},"end":{"line":10,"column":32}}],"line":10}},"s":{"0":1,"1":0,"2":0,"3":1,"4":1,"5":0},"f":{"0":0,"1":0,"2":0},"b":{"0":[0,0],"1":[0,0]},"_coverageSchema":"1a1c01bbd47fc00a2c39e90264f33305004495a9","hash":"192440e5fa016cab44d758326c5e6ae708ba002c"}
,"/Users/firedragonnow/apps/2020projects/fullStackApps/mayApp/client/src/reducers/alert.js": {"path":"/Users/firedragonnow/apps/2020projects/fullStackApps/mayApp/client/src/reducers/alert.js","statementMap":{"0":{"start":{"line":3,"column":21},"end":{"line":3,"column":23}},"1":{"start":{"line":6,"column":27},"end":{"line":6,"column":33}},"2":{"start":{"line":8,"column":1},"end":{"line":15,"column":2}},"3":{"start":{"line":10,"column":4},"end":{"line":10,"column":31}},"4":{"start":{"line":12,"column":4},"end":{"line":12,"column":55}},"5":{"start":{"line":12,"column":33},"end":{"line":12,"column":53}},"6":{"start":{"line":14,"column":4},"end":{"line":14,"column":17}}},"fnMap":{"0":{"name":"(anonymous_0)","decl":{"start":{"line":5,"column":15},"end":{"line":5,"column":16}},"loc":{"start":{"line":5,"column":53},"end":{"line":16,"column":1}},"line":5},"1":{"name":"(anonymous_1)","decl":{"start":{"line":12,"column":24},"end":{"line":12,"column":25}},"loc":{"start":{"line":12,"column":33},"end":{"line":12,"column":53}},"line":12}},"branchMap":{"0":{"loc":{"start":{"line":5,"column":24},"end":{"line":5,"column":44}},"type":"default-arg","locations":[{"start":{"line":5,"column":32},"end":{"line":5,"column":44}}],"line":5},"1":{"loc":{"start":{"line":8,"column":1},"end":{"line":15,"column":2}},"type":"switch","locations":[{"start":{"line":9,"column":3},"end":{"line":10,"column":31}},{"start":{"line":11,"column":3},"end":{"line":12,"column":55}},{"start":{"line":13,"column":3},"end":{"line":14,"column":17}}],"line":8}},"s":{"0":1,"1":6,"2":6,"3":0,"4":0,"5":0,"6":6},"f":{"0":6,"1":0},"b":{"0":[6],"1":[0,0,6]},"_coverageSchema":"1a1c01bbd47fc00a2c39e90264f33305004495a9","hash":"8eb2501832412ebf4821319ff2914fe191bd0333"}
,"/Users/firedragonnow/apps/2020projects/fullStackApps/mayApp/client/src/reducers/auth.js": {"path":"/Users/firedragonnow/apps/2020projects/fullStackApps/mayApp/client/src/reducers/auth.js","statementMap":{"0":{"start":{"line":12,"column":21},"end":{"line":17,"column":1}},"1":{"start":{"line":20,"column":28},"end":{"line":20,"column":34}},"2":{"start":{"line":22,"column":2},"end":{"line":53,"column":3}},"3":{"start":{"line":24,"column":5},"end":{"line":29,"column":7}},"4":{"start":{"line":32,"column":5},"end":{"line":32,"column":50}},"5":{"start":{"line":33,"column":5},"end":{"line":38,"column":7}},"6":{"start":{"line":44,"column":5},"end":{"line":44,"column":38}},"7":{"start":{"line":45,"column":5},"end":{"line":50,"column":6}},"8":{"start":{"line":52,"column":5},"end":{"line":52,"column":18}}},"fnMap":{"0":{"name":"(anonymous_0)","decl":{"start":{"line":19,"column":15},"end":{"line":19,"column":16}},"loc":{"start":{"line":19,"column":54},"end":{"line":54,"column":1}},"line":19}},"branchMap":{"0":{"loc":{"start":{"line":19,"column":24},"end":{"line":19,"column":44}},"type":"default-arg","locations":[{"start":{"line":19,"column":32},"end":{"line":19,"column":44}}],"line":19},"1":{"loc":{"start":{"line":22,"column":2},"end":{"line":53,"column":3}},"type":"switch","locations":[{"start":{"line":23,"column":4},"end":{"line":29,"column":7}},{"start":{"line":30,"column":4},"end":{"line":30,"column":26}},{"start":{"line":31,"column":4},"end":{"line":38,"column":7}},{"start":{"line":39,"column":4},"end":{"line":39,"column":23}},{"start":{"line":40,"column":4},"end":{"line":40,"column":20}},{"start":{"line":41,"column":4},"end":{"line":41,"column":20}},{"start":{"line":42,"column":4},"end":{"line":42,"column":16}},{"start":{"line":43,"column":4},"end":{"line":50,"column":6}},{"start":{"line":51,"column":4},"end":{"line":52,"column":18}}],"line":22}},"s":{"0":1,"1":6,"2":6,"3":0,"4":0,"5":0,"6":0,"7":0,"8":6},"f":{"0":6},"b":{"0":[5],"1":[0,0,0,0,0,0,0,0,6]},"_coverageSchema":"1a1c01bbd47fc00a2c39e90264f33305004495a9","hash":"d03d8e70111035c0c5cd9601315265601ee363f2"}
,"/Users/firedragonnow/apps/2020projects/fullStackApps/mayApp/client/src/reducers/index.js": {"path":"/Users/firedragonnow/apps/2020projects/fullStackApps/mayApp/client/src/reducers/index.js","statementMap":{},"fnMap":{},"branchMap":{},"s":{},"f":{},"b":{},"_coverageSchema":"1a1c01bbd47fc00a2c39e90264f33305004495a9","hash":"1fe3857f7cdbfe4458abd9f8327a93410bf80820"}
,"/Users/firedragonnow/apps/2020projects/fullStackApps/mayApp/client/src/reducers/post.js": {"path":"/Users/firedragonnow/apps/2020projects/fullStackApps/mayApp/client/src/reducers/post.js","statementMap":{"0":{"start":{"line":13,"column":21},"end":{"line":18,"column":1}},"1":{"start":{"line":21,"column":28},"end":{"line":21,"column":34}},"2":{"start":{"line":23,"column":2},"end":{"line":76,"column":3}},"3":{"start":{"line":25,"column":6},"end":{"line":29,"column":8}},"4":{"start":{"line":31,"column":6},"end":{"line":35,"column":8}},"5":{"start":{"line":37,"column":6},"end":{"line":41,"column":8}},"6":{"start":{"line":43,"column":6},"end":{"line":47,"column":8}},"7":{"start":{"line":45,"column":42},"end":{"line":45,"column":62}},"8":{"start":{"line":49,"column":6},"end":{"line":52,"column":8}},"9":{"start":{"line":54,"column":6},"end":{"line":58,"column":8}},"10":{"start":{"line":56,"column":39},"end":{"line":56,"column":104}},"11":{"start":{"line":60,"column":6},"end":{"line":64,"column":8}},"12":{"start":{"line":66,"column":6},"end":{"line":73,"column":7}},"13":{"start":{"line":70,"column":58},"end":{"line":70,"column":81}},"14":{"start":{"line":75,"column":7},"end":{"line":75,"column":20}}},"fnMap":{"0":{"name":"(anonymous_0)","decl":{"start":{"line":20,"column":15},"end":{"line":20,"column":16}},"loc":{"start":{"line":20,"column":55},"end":{"line":77,"column":1}},"line":20},"1":{"name":"(anonymous_1)","decl":{"start":{"line":45,"column":34},"end":{"line":45,"column":35}},"loc":{"start":{"line":45,"column":42},"end":{"line":45,"column":62}},"line":45},"2":{"name":"(anonymous_2)","decl":{"start":{"line":56,"column":31},"end":{"line":56,"column":32}},"loc":{"start":{"line":56,"column":39},"end":{"line":56,"column":104}},"line":56},"3":{"name":"(anonymous_3)","decl":{"start":{"line":70,"column":47},"end":{"line":70,"column":48}},"loc":{"start":{"line":70,"column":58},"end":{"line":70,"column":81}},"line":70}},"branchMap":{"0":{"loc":{"start":{"line":20,"column":25},"end":{"line":20,"column":45}},"type":"default-arg","locations":[{"start":{"line":20,"column":33},"end":{"line":20,"column":45}}],"line":20},"1":{"loc":{"start":{"line":23,"column":2},"end":{"line":76,"column":3}},"type":"switch","locations":[{"start":{"line":24,"column":4},"end":{"line":29,"column":8}},{"start":{"line":30,"column":4},"end":{"line":35,"column":8}},{"start":{"line":36,"column":4},"end":{"line":41,"column":8}},{"start":{"line":42,"column":4},"end":{"line":47,"column":8}},{"start":{"line":48,"column":4},"end":{"line":52,"column":8}},{"start":{"line":53,"column":4},"end":{"line":58,"column":8}},{"start":{"line":59,"column":4},"end":{"line":64,"column":8}},{"start":{"line":65,"column":4},"end":{"line":73,"column":7}},{"start":{"line":74,"column":6},"end":{"line":75,"column":20}}],"line":23},"2":{"loc":{"start":{"line":56,"column":39},"end":{"line":56,"column":104}},"type":"cond-expr","locations":[{"start":{"line":56,"column":65},"end":{"line":56,"column":97}},{"start":{"line":56,"column":100},"end":{"line":56,"column":104}}],"line":56}},"s":{"0":1,"1":6,"2":6,"3":0,"4":0,"5":0,"6":0,"7":0,"8":0,"9":0,"10":0,"11":0,"12":0,"13":0,"14":6},"f":{"0":6,"1":0,"2":0,"3":0},"b":{"0":[6],"1":[0,0,0,0,0,0,0,0,6],"2":[0,0]},"_coverageSchema":"1a1c01bbd47fc00a2c39e90264f33305004495a9","hash":"b1ccec1133903e7f626286bb190a4416562111e1"}
,"/Users/firedragonnow/apps/2020projects/fullStackApps/mayApp/client/src/reducers/profile.js": {"path":"/Users/firedragonnow/apps/2020projects/fullStackApps/mayApp/client/src/reducers/profile.js","statementMap":{"0":{"start":{"line":10,"column":21},"end":{"line":16,"column":1}},"1":{"start":{"line":19,"column":27},"end":{"line":19,"column":33}},"2":{"start":{"line":21,"column":1},"end":{"line":61,"column":2}},"3":{"start":{"line":23,"column":4},"end":{"line":27,"column":6}},"4":{"start":{"line":29,"column":4},"end":{"line":33,"column":6}},"5":{"start":{"line":35,"column":4},"end":{"line":39,"column":6}},"6":{"start":{"line":41,"column":6},"end":{"line":45,"column":8}},"7":{"start":{"line":47,"column":4},"end":{"line":51,"column":6}},"8":{"start":{"line":53,"column":3},"end":{"line":58,"column":4}},"9":{"start":{"line":60,"column":4},"end":{"line":60,"column":17}}},"fnMap":{"0":{"name":"(anonymous_0)","decl":{"start":{"line":18,"column":15},"end":{"line":18,"column":16}},"loc":{"start":{"line":18,"column":54},"end":{"line":62,"column":1}},"line":18}},"branchMap":{"0":{"loc":{"start":{"line":18,"column":24},"end":{"line":18,"column":44}},"type":"default-arg","locations":[{"start":{"line":18,"column":32},"end":{"line":18,"column":44}}],"line":18},"1":{"loc":{"start":{"line":21,"column":1},"end":{"line":61,"column":2}},"type":"switch","locations":[{"start":{"line":22,"column":2},"end":{"line":27,"column":6}},{"start":{"line":28,"column":2},"end":{"line":33,"column":6}},{"start":{"line":34,"column":2},"end":{"line":39,"column":6}},{"start":{"line":40,"column":2},"end":{"line":45,"column":8}},{"start":{"line":46,"column":2},"end":{"line":51,"column":6}},{"start":{"line":52,"column":1},"end":{"line":58,"column":4}},{"start":{"line":59,"column":2},"end":{"line":60,"column":17}}],"line":21}},"s":{"0":1,"1":6,"2":6,"3":0,"4":0,"5":0,"6":0,"7":0,"8":0,"9":6},"f":{"0":6},"b":{"0":[6],"1":[0,0,0,0,0,0,6]},"_coverageSchema":"1a1c01bbd47fc00a2c39e90264f33305004495a9","hash":"594163b2d819bb3b5201ec25d3177c94377d69bf"}
,"/Users/firedragonnow/apps/2020projects/fullStackApps/mayApp/client/src/utils/setAuthToken.js": {"path":"/Users/firedragonnow/apps/2020projects/fullStackApps/mayApp/client/src/utils/setAuthToken.js","statementMap":{"0":{"start":{"line":3,"column":21},"end":{"line":9,"column":1}},"1":{"start":{"line":4,"column":2},"end":{"line":8,"column":3}},"2":{"start":{"line":5,"column":4},"end":{"line":5,"column":58}},"3":{"start":{"line":7,"column":4},"end":{"line":7,"column":57}}},"fnMap":{"0":{"name":"(anonymous_0)","decl":{"start":{"line":3,"column":21},"end":{"line":3,"column":22}},"loc":{"start":{"line":3,"column":30},"end":{"line":9,"column":1}},"line":3}},"branchMap":{"0":{"loc":{"start":{"line":4,"column":2},"end":{"line":8,"column":3}},"type":"if","locations":[{"start":{"line":4,"column":2},"end":{"line":8,"column":3}},{"start":{"line":6,"column":9},"end":{"line":8,"column":3}}],"line":4}},"s":{"0":1,"1":0,"2":0,"3":0},"f":{"0":0},"b":{"0":[0,0]},"_coverageSchema":"1a1c01bbd47fc00a2c39e90264f33305004495a9","hash":"2210872f8b4f2a7197a3de255bc29958be60361b"}
}
