TN:
SF:src/App.js
FN:31,(anonymous_0)
FN:32,(anonymous_1)
FNF:2
FNH:2
FNDA:1,(anonymous_0)
FNDA:1,(anonymous_1)
DA:27,1
DA:28,0
DA:31,1
DA:32,1
DA:33,1
DA:36,1
LF:6
LH:5
BRDA:27,0,0,0
BRDA:27,0,1,1
BRF:2
BRH:1
end_of_record
TN:
SF:src/index.js
FNF:0
FNH:0
DA:5,0
LF:1
LH:0
BRF:0
BRH:0
end_of_record
TN:
SF:src/setupTests.js
FN:21,(anonymous_0)
FN:22,(anonymous_1)
FNF:2
FNH:2
FNDA:2,(anonymous_0)
FNDA:2,(anonymous_1)
DA:11,1
DA:16,1
DA:21,1
DA:22,2
DA:23,2
DA:29,2
LF:6
LH:6
BRDA:21,0,0,2
BRDA:21,1,0,2
BRF:2
BRH:2
end_of_record
TN:
SF:src/store.js
FNF:0
FNH:0
DA:6,1
DA:8,1
DA:10,1
LF:3
LH:3
BRF:0
BRH:0
end_of_record
TN:
SF:src/actions/alert.js
FN:4,(anonymous_0)
FN:4,(anonymous_1)
FN:11,(anonymous_2)
FNF:3
FNH:2
FNDA:1,(anonymous_0)
FNDA:1,(anonymous_1)
FNDA:0,(anonymous_2)
DA:4,2
DA:5,1
DA:6,1
DA:11,1
LF:4
LH:4
BRDA:4,0,0,0
BRF:1
BRH:0
end_of_record
TN:
SF:src/actions/auth.js
FN:17,(anonymous_0)
FN:17,(anonymous_1)
FN:37,(anonymous_2)
FN:37,(anonymous_3)
FN:61,(anonymous_4)
FN:72,(anonymous_5)
FN:72,(anonymous_6)
FN:96,(anonymous_7)
FN:106,(anonymous_8)
FN:106,(anonymous_9)
FNF:10
FNH:2
FNDA:1,(anonymous_0)
FNDA:1,(anonymous_1)
FNDA:0,(anonymous_2)
FNDA:0,(anonymous_3)
FNDA:0,(anonymous_4)
FNDA:0,(anonymous_5)
FNDA:0,(anonymous_6)
FNDA:0,(anonymous_7)
FNDA:0,(anonymous_8)
FNDA:0,(anonymous_9)
DA:17,1
DA:18,1
DA:19,0
DA:22,1
DA:23,1
DA:25,0
DA:30,0
DA:37,1
DA:38,0
DA:44,0
DA:48,0
DA:49,0
DA:51,0
DA:56,0
DA:58,0
DA:60,0
DA:61,0
DA:64,0
DA:72,1
DA:73,0
DA:79,0
DA:83,0
DA:84,0
DA:86,0
DA:91,0
DA:93,0
DA:95,0
DA:96,0
DA:99,0
DA:106,1
DA:107,0
DA:108,0
LF:32
LH:7
BRDA:18,0,0,0
BRDA:18,0,1,1
BRDA:60,1,0,0
BRDA:60,1,1,0
BRDA:95,2,0,0
BRDA:95,2,1,0
BRF:6
BRH:1
end_of_record
TN:
SF:src/actions/post.js
FN:16,(anonymous_0)
FN:16,(anonymous_1)
FN:34,(anonymous_2)
FN:34,(anonymous_3)
FN:50,(anonymous_4)
FN:50,(anonymous_5)
FN:66,(anonymous_6)
FN:66,(anonymous_7)
FN:84,(anonymous_8)
FN:84,(anonymous_9)
FN:107,(anonymous_10)
FN:107,(anonymous_11)
FN:123,(anonymous_12)
FN:123,(anonymous_13)
FN:146,(anonymous_14)
FN:146,(anonymous_15)
FNF:16
FNH:0
FNDA:0,(anonymous_0)
FNDA:0,(anonymous_1)
FNDA:0,(anonymous_2)
FNDA:0,(anonymous_3)
FNDA:0,(anonymous_4)
FNDA:0,(anonymous_5)
FNDA:0,(anonymous_6)
FNDA:0,(anonymous_7)
FNDA:0,(anonymous_8)
FNDA:0,(anonymous_9)
FNDA:0,(anonymous_10)
FNDA:0,(anonymous_11)
FNDA:0,(anonymous_12)
FNDA:0,(anonymous_13)
FNDA:0,(anonymous_14)
FNDA:0,(anonymous_15)
DA:16,1
DA:17,0
DA:18,0
DA:19,0
DA:24,0
DA:34,1
DA:35,0
DA:36,0
DA:37,0
DA:42,0
DA:50,1
DA:51,0
DA:52,0
DA:53,0
DA:58,0
DA:66,1
DA:67,0
DA:68,0
DA:69,0
DA:74,0
DA:76,0
DA:84,1
DA:85,0
DA:90,0
DA:91,0
DA:92,0
DA:97,0
DA:99,0
DA:107,1
DA:108,0
DA:109,0
DA:110,0
DA:115,0
DA:123,1
DA:124,0
DA:129,0
DA:130,0
DA:131,0
DA:136,0
DA:138,0
DA:146,1
DA:147,0
DA:148,0
DA:149,0
DA:154,0
DA:156,0
LF:46
LH:8
BRF:0
BRH:0
end_of_record
TN:
SF:src/actions/profile.js
FN:14,(anonymous_0)
FN:14,(anonymous_1)
FN:35,(anonymous_2)
FN:35,(anonymous_3)
FN:54,(anonymous_4)
FN:54,(anonymous_5)
FN:72,(anonymous_6)
FN:72,(anonymous_7)
FN:91,(anonymous_8)
FN:91,(anonymous_9)
FN:114,(anonymous_10)
FN:125,(anonymous_11)
FN:125,(anonymous_12)
FN:146,(anonymous_13)
FN:157,(anonymous_14)
FN:157,(anonymous_15)
FN:178,(anonymous_16)
FN:189,(anonymous_17)
FN:189,(anonymous_18)
FN:207,(anonymous_19)
FN:207,(anonymous_20)
FN:226,(anonymous_21)
FN:226,(anonymous_22)
FNF:23
FNH:0
FNDA:0,(anonymous_0)
FNDA:0,(anonymous_1)
FNDA:0,(anonymous_2)
FNDA:0,(anonymous_3)
FNDA:0,(anonymous_4)
FNDA:0,(anonymous_5)
FNDA:0,(anonymous_6)
FNDA:0,(anonymous_7)
FNDA:0,(anonymous_8)
FNDA:0,(anonymous_9)
FNDA:0,(anonymous_10)
FNDA:0,(anonymous_11)
FNDA:0,(anonymous_12)
FNDA:0,(anonymous_13)
FNDA:0,(anonymous_14)
FNDA:0,(anonymous_15)
FNDA:0,(anonymous_16)
FNDA:0,(anonymous_17)
FNDA:0,(anonymous_18)
FNDA:0,(anonymous_19)
FNDA:0,(anonymous_20)
FNDA:0,(anonymous_21)
FNDA:0,(anonymous_22)
DA:14,1
DA:15,0
DA:16,0
DA:18,0
DA:25,0
DA:27,0
DA:35,1
DA:36,0
DA:37,0
DA:38,0
DA:40,0
DA:46,0
DA:54,1
DA:55,0
DA:56,0
DA:58,0
DA:64,0
DA:72,1
DA:73,0
DA:74,0
DA:76,0
DA:81,0
DA:91,1
DA:92,0
DA:93,0
DA:98,0
DA:100,0
DA:105,0
DA:107,0
DA:108,0
DA:111,0
DA:113,0
DA:114,0
DA:117,0
DA:125,1
DA:126,0
DA:127,0
DA:132,0
DA:134,0
DA:139,0
DA:141,0
DA:143,0
DA:145,0
DA:146,0
DA:149,0
DA:157,1
DA:158,0
DA:159,0
DA:164,0
DA:166,0
DA:171,0
DA:173,0
DA:175,0
DA:177,0
DA:178,0
DA:181,0
DA:189,1
DA:190,0
DA:191,0
DA:192,0
DA:196,0
DA:199,0
DA:207,1
DA:208,0
DA:209,0
DA:211,0
DA:216,0
DA:218,0
DA:226,1
DA:227,0
DA:228,0
DA:229,0
DA:230,0
DA:233,0
DA:236,0
DA:238,0
LF:76
LH:10
BRDA:91,0,0,0
BRDA:105,1,0,0
BRDA:105,1,1,0
BRDA:107,2,0,0
BRDA:107,2,1,0
BRDA:113,3,0,0
BRDA:113,3,1,0
BRDA:145,4,0,0
BRDA:145,4,1,0
BRDA:177,5,0,0
BRDA:177,5,1,0
BRDA:227,6,0,0
BRDA:227,6,1,0
BRF:13
BRH:0
end_of_record
TN:
SF:src/actions/types.js
FNF:0
FNH:0
DA:1,2
DA:2,2
DA:3,2
DA:4,2
DA:5,2
DA:6,2
DA:7,2
DA:8,2
DA:9,2
DA:10,2
DA:11,2
DA:12,2
DA:13,2
DA:14,2
DA:15,2
DA:16,2
DA:17,2
DA:18,2
DA:19,2
DA:20,2
DA:21,2
DA:22,2
DA:23,2
DA:24,2
LF:24
LH:24
BRF:0
BRH:0
end_of_record
TN:
SF:src/components/auth/Login.js
FN:7,(anonymous_0)
FN:15,(anonymous_1)
FN:18,(anonymous_2)
FN:33,(anonymous_3)
FN:40,(anonymous_4)
FN:50,(anonymous_5)
FN:66,(anonymous_6)
FNF:7
FNH:0
FNDA:0,(anonymous_0)
FNDA:0,(anonymous_1)
FNDA:0,(anonymous_2)
FNDA:0,(anonymous_3)
FNDA:0,(anonymous_4)
FNDA:0,(anonymous_5)
FNDA:0,(anonymous_6)
DA:7,1
DA:8,0
DA:13,0
DA:15,0
DA:16,0
DA:18,0
DA:19,0
DA:20,0
DA:23,0
DA:24,0
DA:27,0
DA:33,0
DA:40,0
DA:50,0
DA:62,1
DA:66,1
LF:16
LH:3
BRDA:23,0,0,0
BRDA:23,0,1,0
BRF:2
BRH:0
end_of_record
TN:
SF:src/components/auth/Register.js
FN:8,(anonymous_0)
FN:18,(anonymous_1)
FN:20,(anonymous_2)
FN:36,(anonymous_3)
FN:43,(anonymous_4)
FN:52,(anonymous_5)
FN:61,(anonymous_6)
FN:69,(anonymous_7)
FN:87,(anonymous_8)
FNF:9
FNH:0
FNDA:0,(anonymous_0)
FNDA:0,(anonymous_1)
FNDA:0,(anonymous_2)
FNDA:0,(anonymous_3)
FNDA:0,(anonymous_4)
FNDA:0,(anonymous_5)
FNDA:0,(anonymous_6)
FNDA:0,(anonymous_7)
FNDA:0,(anonymous_8)
DA:8,1
DA:9,0
DA:16,0
DA:18,0
DA:20,0
DA:21,0
DA:22,0
DA:23,0
DA:25,0
DA:29,0
DA:30,0
DA:33,0
DA:36,0
DA:43,0
DA:52,0
DA:61,0
DA:69,0
DA:81,1
DA:87,1
LF:19
LH:3
BRDA:22,0,0,0
BRDA:22,0,1,0
BRDA:29,1,0,0
BRDA:29,1,1,0
BRF:4
BRH:0
end_of_record
TN:
SF:src/components/dashboard/Dashboard.js
FN:12,(anonymous_0)
FN:17,(anonymous_1)
FN:33,(anonymous_2)
FN:57,(anonymous_3)
FNF:4
FNH:0
FNDA:0,(anonymous_0)
FNDA:0,(anonymous_1)
FNDA:0,(anonymous_2)
FNDA:0,(anonymous_3)
DA:12,1
DA:17,0
DA:18,0
DA:21,0
DA:33,0
DA:50,1
DA:57,1
LF:7
LH:3
BRDA:21,0,0,0
BRDA:21,0,1,0
BRDA:21,1,0,0
BRDA:21,1,1,0
BRDA:25,2,0,0
BRDA:25,2,1,0
BRDA:27,3,0,0
BRDA:27,3,1,0
BRF:8
BRH:0
end_of_record
TN:
SF:src/components/dashboard/DashboardActions.js
FN:4,(anonymous_0)
FNF:1
FNH:0
FNDA:0,(anonymous_0)
DA:4,1
DA:5,0
LF:2
LH:1
BRF:0
BRH:0
end_of_record
TN:
SF:src/components/dashboard/Education.js
FN:7,(anonymous_0)
FN:8,(anonymous_1)
FN:17,(anonymous_2)
FNF:3
FNH:0
FNDA:0,(anonymous_0)
FNDA:0,(anonymous_1)
FNDA:0,(anonymous_2)
DA:7,1
DA:8,0
DA:9,0
DA:17,0
DA:22,0
DA:41,1
LF:6
LH:2
BRDA:14,0,0,0
BRDA:14,0,1,0
BRF:2
BRH:0
end_of_record
TN:
SF:src/components/dashboard/Experience.js
FN:7,(anonymous_0)
FN:8,(anonymous_1)
FN:17,(anonymous_2)
FNF:3
FNH:0
FNDA:0,(anonymous_0)
FNDA:0,(anonymous_1)
FNDA:0,(anonymous_2)
DA:7,1
DA:8,0
DA:9,0
DA:17,0
DA:22,0
DA:41,1
LF:6
LH:2
BRDA:14,0,0,0
BRDA:14,0,1,0
BRF:2
BRH:0
end_of_record
TN:
SF:src/components/layout/Alert.js
FN:5,(anonymous_0)
FN:8,(anonymous_1)
FN:18,(anonymous_2)
FNF:3
FNH:2
FNDA:1,(anonymous_0)
FNDA:0,(anonymous_1)
FNDA:1,(anonymous_2)
DA:5,1
DA:6,1
DA:9,0
DA:14,1
DA:18,1
LF:5
LH:4
BRDA:6,0,0,1
BRDA:6,0,1,1
BRDA:6,0,2,0
BRF:3
BRH:2
end_of_record
TN:
SF:src/components/layout/Landing.js
FN:6,(anonymous_0)
FN:33,(anonymous_1)
FNF:2
FNH:2
FNDA:1,(anonymous_0)
FNDA:1,(anonymous_1)
DA:6,1
DA:7,1
DA:8,0
DA:11,1
DA:29,1
DA:33,1
LF:6
LH:5
BRDA:7,0,0,0
BRDA:7,0,1,1
BRF:2
BRH:1
end_of_record
TN:
SF:src/components/layout/Navbar.js
FN:7,(anonymous_0)
FN:64,(anonymous_1)
FNF:2
FNH:2
FNDA:2,(anonymous_0)
FNDA:2,(anonymous_1)
DA:7,1
DA:9,2
DA:35,2
DA:47,2
DA:59,1
DA:64,2
LF:6
LH:6
BRDA:54,0,0,2
BRDA:54,0,1,0
BRDA:54,1,0,0
BRDA:54,1,1,0
BRF:4
BRH:1
end_of_record
TN:
SF:src/components/layout/Spinner.js
FN:4,(anonymous_0)
FNF:1
FNH:0
FNDA:0,(anonymous_0)
DA:5,0
LF:1
LH:0
BRF:0
BRH:0
end_of_record
TN:
SF:src/components/post/CommentForm.js
FN:6,(anonymous_0)
FN:13,(anonymous_1)
FN:24,(anonymous_2)
FNF:3
FNH:0
FNDA:0,(anonymous_0)
FNDA:0,(anonymous_1)
FNDA:0,(anonymous_2)
DA:6,1
DA:7,0
DA:8,0
DA:14,0
DA:15,0
DA:16,0
DA:24,0
DA:33,1
LF:8
LH:2
BRF:0
BRH:0
end_of_record
TN:
SF:src/components/post/CommentItem.js
FN:8,(anonymous_0)
FN:33,(anonymous_1)
FN:47,(anonymous_2)
FNF:3
FNH:0
FNDA:0,(anonymous_0)
FNDA:0,(anonymous_1)
FNDA:0,(anonymous_2)
DA:8,1
DA:14,0
DA:33,0
DA:40,1
DA:47,1
LF:5
LH:3
BRDA:32,0,0,0
BRDA:32,0,1,0
BRDA:32,0,2,0
BRF:3
BRH:0
end_of_record
TN:
SF:src/components/post/Post.js
FN:11,(anonymous_0)
FN:12,(anonymous_1)
FN:20,(anonymous_2)
FN:32,(anonymous_3)
FNF:4
FNH:0
FNDA:0,(anonymous_0)
FNDA:0,(anonymous_1)
FNDA:0,(anonymous_2)
FNDA:0,(anonymous_3)
DA:11,1
DA:12,0
DA:13,0
DA:15,0
DA:21,0
DA:27,1
DA:32,1
LF:7
LH:3
BRDA:15,0,0,0
BRDA:15,0,1,0
BRDA:15,1,0,0
BRDA:15,1,1,0
BRF:4
BRH:0
end_of_record
TN:
SF:src/components/posts/PostForm.js
FN:6,(anonymous_0)
FN:13,(anonymous_1)
FN:24,(anonymous_2)
FNF:3
FNH:0
FNDA:0,(anonymous_0)
FNDA:0,(anonymous_1)
FNDA:0,(anonymous_2)
DA:6,1
DA:7,0
DA:8,0
DA:14,0
DA:15,0
DA:16,0
DA:24,0
DA:33,1
LF:8
LH:2
BRF:0
BRH:0
end_of_record
TN:
SF:src/components/posts/PostItem.js
FN:8,(anonymous_0)
FN:34,(anonymous_1)
FN:40,(anonymous_2)
FN:50,(anonymous_3)
FN:74,(anonymous_4)
FNF:5
FNH:0
FNDA:0,(anonymous_0)
FNDA:0,(anonymous_1)
FNDA:0,(anonymous_2)
FNDA:0,(anonymous_3)
FNDA:0,(anonymous_4)
DA:8,1
DA:16,0
DA:34,0
DA:40,0
DA:50,0
DA:62,1
DA:66,1
DA:74,1
LF:8
LH:4
BRDA:33,0,0,0
BRDA:33,0,1,0
BRDA:36,1,0,0
BRDA:36,1,1,0
BRDA:44,2,0,0
BRDA:44,2,1,0
BRDA:48,3,0,0
BRDA:48,3,1,0
BRDA:48,3,2,0
BRF:9
BRH:0
end_of_record
TN:
SF:src/components/posts/Posts.js
FN:9,(anonymous_0)
FN:10,(anonymous_1)
FN:20,(anonymous_2)
FN:34,(anonymous_3)
FNF:4
FNH:0
FNDA:0,(anonymous_0)
FNDA:0,(anonymous_1)
FNDA:0,(anonymous_2)
FNDA:0,(anonymous_3)
DA:9,1
DA:10,0
DA:11,0
DA:14,0
DA:21,0
DA:28,1
DA:34,1
LF:7
LH:3
BRDA:14,0,0,0
BRDA:14,0,1,0
BRF:2
BRH:0
end_of_record
TN:
SF:src/components/profile/Profile.js
FN:13,(anonymous_0)
FN:18,(anonymous_1)
FN:43,(anonymous_2)
FN:53,(anonymous_3)
FN:77,(anonymous_4)
FNF:5
FNH:0
FNDA:0,(anonymous_0)
FNDA:0,(anonymous_1)
FNDA:0,(anonymous_2)
FNDA:0,(anonymous_3)
FNDA:0,(anonymous_4)
DA:13,1
DA:18,0
DA:19,0
DA:22,0
DA:44,0
DA:54,0
DA:71,1
DA:77,1
LF:8
LH:3
BRDA:25,0,0,0
BRDA:25,0,1,0
BRDA:25,1,0,0
BRDA:25,1,1,0
BRDA:30,2,0,0
BRDA:30,2,1,0
BRDA:30,2,2,0
BRDA:30,2,3,0
BRDA:42,3,0,0
BRDA:42,3,1,0
BRDA:52,4,0,0
BRDA:52,4,1,0
BRDA:60,5,0,0
BRDA:60,5,1,0
BRF:14
BRH:0
end_of_record
TN:
SF:src/components/profile/ProfileAbout.js
FN:4,(anonymous_0)
FN:25,(anonymous_1)
FNF:2
FNH:0
FNDA:0,(anonymous_0)
FNDA:0,(anonymous_1)
DA:4,1
DA:11,0
DA:26,0
DA:34,1
LF:4
LH:2
BRDA:12,0,0,0
BRDA:12,0,1,0
BRF:2
BRH:0
end_of_record
TN:
SF:src/components/profile/ProfileEducation.js
FN:5,(anonymous_0)
FNF:1
FNH:0
FNDA:0,(anonymous_0)
DA:5,1
DA:14,0
DA:30,1
LF:3
LH:2
BRDA:17,0,0,0
BRDA:17,0,1,0
BRF:2
BRH:0
end_of_record
TN:
SF:src/components/profile/ProfileExperience.js
FN:5,(anonymous_0)
FNF:1
FNH:0
FNDA:0,(anonymous_0)
DA:5,1
DA:14,0
DA:27,1
LF:3
LH:2
BRDA:17,0,0,0
BRDA:17,0,1,0
BRF:2
BRH:0
end_of_record
TN:
SF:src/components/profile/ProfileGithub.js
FN:7,(anonymous_0)
FN:8,(anonymous_1)
FN:16,(anonymous_2)
FN:56,(anonymous_3)
FNF:4
FNH:0
FNDA:0,(anonymous_0)
FNDA:0,(anonymous_1)
FNDA:0,(anonymous_2)
FNDA:0,(anonymous_3)
DA:7,1
DA:8,0
DA:9,0
DA:12,0
DA:17,0
DA:50,1
DA:56,1
LF:7
LH:3
BRDA:15,0,0,0
BRDA:15,0,1,0
BRF:2
BRH:0
end_of_record
TN:
SF:src/components/profile/ProfileTop.js
FN:4,(anonymous_0)
FNF:1
FNH:0
FNDA:0,(anonymous_0)
DA:4,1
DA:14,0
DA:72,1
LF:3
LH:2
BRDA:22,0,0,0
BRDA:22,0,1,0
BRDA:23,1,0,0
BRDA:23,1,1,0
BRDA:26,2,0,0
BRDA:26,2,1,0
BRDA:33,3,0,0
BRDA:33,3,1,0
BRDA:33,3,2,0
BRDA:40,4,0,0
BRDA:40,4,1,0
BRDA:40,4,2,0
BRDA:47,5,0,0
BRDA:47,5,1,0
BRDA:47,5,2,0
BRDA:54,6,0,0
BRDA:54,6,1,0
BRDA:54,6,2,0
BRDA:61,7,0,0
BRDA:61,7,1,0
BRDA:61,7,2,0
BRF:21
BRH:0
end_of_record
TN:
SF:src/components/profile-forms/AddEducation.js
FN:7,(anonymous_0)
FN:19,(anonymous_1)
FN:30,(anonymous_2)
FN:36,(anonymous_3)
FN:40,(anonymous_4)
FN:44,(anonymous_5)
FN:48,(anonymous_6)
FN:58,(anonymous_7)
FN:70,(anonymous_8)
FN:79,(anonymous_9)
FNF:10
FNH:0
FNDA:0,(anonymous_0)
FNDA:0,(anonymous_1)
FNDA:0,(anonymous_2)
FNDA:0,(anonymous_3)
FNDA:0,(anonymous_4)
FNDA:0,(anonymous_5)
FNDA:0,(anonymous_6)
FNDA:0,(anonymous_7)
FNDA:0,(anonymous_8)
FNDA:0,(anonymous_9)
DA:7,1
DA:8,0
DA:17,0
DA:18,0
DA:19,0
DA:21,0
DA:31,0
DA:32,0
DA:36,0
DA:40,0
DA:44,0
DA:48,0
DA:59,0
DA:60,0
DA:70,0
DA:79,0
DA:88,1
LF:17
LH:2
BRDA:71,0,0,0
BRDA:71,0,1,0
BRF:2
BRH:0
end_of_record
TN:
SF:src/components/profile-forms/AddExperience.js
FN:7,(anonymous_0)
FN:22,(anonymous_1)
FN:35,(anonymous_2)
FN:46,(anonymous_3)
FN:56,(anonymous_4)
FN:66,(anonymous_5)
FN:75,(anonymous_6)
FN:85,(anonymous_7)
FN:99,(anonymous_8)
FN:110,(anonymous_9)
FNF:10
FNH:0
FNDA:0,(anonymous_0)
FNDA:0,(anonymous_1)
FNDA:0,(anonymous_2)
FNDA:0,(anonymous_3)
FNDA:0,(anonymous_4)
FNDA:0,(anonymous_5)
FNDA:0,(anonymous_6)
FNDA:0,(anonymous_7)
FNDA:0,(anonymous_8)
FNDA:0,(anonymous_9)
DA:7,1
DA:8,0
DA:18,0
DA:20,0
DA:22,0
DA:23,0
DA:25,0
DA:36,0
DA:37,0
DA:46,0
DA:56,0
DA:66,0
DA:75,0
DA:86,0
DA:87,0
DA:99,0
DA:110,0
DA:122,1
LF:18
LH:2
BRDA:100,0,0,0
BRDA:100,0,1,0
BRF:2
BRH:0
end_of_record
TN:
SF:src/components/profile-forms/CreateProfile.js
FN:7,(anonymous_0)
FN:43,(anonymous_1)
FN:46,(anonymous_2)
FN:51,(anonymous_3)
FN:65,(anonymous_4)
FN:67,(anonymous_5)
FN:88,(anonymous_6)
FN:100,(anonymous_7)
FN:112,(anonymous_8)
FN:124,(anonymous_9)
FN:136,(anonymous_10)
FN:148,(anonymous_11)
FN:154,(anonymous_12)
FN:171,(anonymous_13)
FN:181,(anonymous_14)
FN:191,(anonymous_15)
FN:201,(anonymous_16)
FN:211,(anonymous_17)
FN:229,(anonymous_18)
FNF:19
FNH:0
FNDA:0,(anonymous_0)
FNDA:0,(anonymous_1)
FNDA:0,(anonymous_2)
FNDA:0,(anonymous_3)
FNDA:0,(anonymous_4)
FNDA:0,(anonymous_5)
FNDA:0,(anonymous_6)
FNDA:0,(anonymous_7)
FNDA:0,(anonymous_8)
FNDA:0,(anonymous_9)
FNDA:0,(anonymous_10)
FNDA:0,(anonymous_11)
FNDA:0,(anonymous_12)
FNDA:0,(anonymous_13)
FNDA:0,(anonymous_14)
FNDA:0,(anonymous_15)
FNDA:0,(anonymous_16)
FNDA:0,(anonymous_17)
FNDA:0,(anonymous_18)
DA:7,1
DA:13,0
DA:27,0
DA:41,0
DA:43,0
DA:44,0
DA:46,0
DA:47,0
DA:48,0
DA:51,0
DA:52,0
DA:55,0
DA:65,0
DA:67,0
DA:88,0
DA:100,0
DA:112,0
DA:124,0
DA:136,0
DA:148,0
DA:154,0
DA:171,0
DA:181,0
DA:191,0
DA:201,0
DA:211,0
DA:224,1
DA:229,1
LF:28
LH:3
BRDA:55,0,0,0
BRDA:55,0,1,0
BRDA:55,1,0,0
BRDA:55,1,1,0
BRDA:162,2,0,0
BRDA:162,2,1,0
BRF:6
BRH:0
end_of_record
TN:
SF:src/components/profile-forms/EditProfile.js
FN:7,(anonymous_0)
FN:31,(anonymous_1)
FN:69,(anonymous_2)
FN:72,(anonymous_3)
FN:93,(anonymous_4)
FN:95,(anonymous_5)
FN:116,(anonymous_6)
FN:128,(anonymous_7)
FN:140,(anonymous_8)
FN:152,(anonymous_9)
FN:164,(anonymous_10)
FN:176,(anonymous_11)
FN:182,(anonymous_12)
FN:199,(anonymous_13)
FN:209,(anonymous_14)
FN:219,(anonymous_15)
FN:229,(anonymous_16)
FN:239,(anonymous_17)
FN:258,(anonymous_18)
FNF:19
FNH:0
FNDA:0,(anonymous_0)
FNDA:0,(anonymous_1)
FNDA:0,(anonymous_2)
FNDA:0,(anonymous_3)
FNDA:0,(anonymous_4)
FNDA:0,(anonymous_5)
FNDA:0,(anonymous_6)
FNDA:0,(anonymous_7)
FNDA:0,(anonymous_8)
FNDA:0,(anonymous_9)
FNDA:0,(anonymous_10)
FNDA:0,(anonymous_11)
FNDA:0,(anonymous_12)
FNDA:0,(anonymous_13)
FNDA:0,(anonymous_14)
FNDA:0,(anonymous_15)
FNDA:0,(anonymous_16)
FNDA:0,(anonymous_17)
FNDA:0,(anonymous_18)
DA:7,1
DA:14,0
DA:29,0
DA:31,0
DA:32,0
DA:34,0
DA:67,0
DA:69,0
DA:70,0
DA:72,0
DA:73,0
DA:74,0
DA:82,0
DA:93,0
DA:95,0
DA:116,0
DA:128,0
DA:140,0
DA:152,0
DA:164,0
DA:176,0
DA:182,0
DA:199,0
DA:209,0
DA:219,0
DA:229,0
DA:239,0
DA:253,1
DA:258,1
LF:29
LH:3
BRDA:35,0,0,0
BRDA:35,0,1,0
BRDA:35,1,0,0
BRDA:35,1,1,0
BRDA:36,2,0,0
BRDA:36,2,1,0
BRDA:36,3,0,0
BRDA:36,3,1,0
BRDA:37,4,0,0
BRDA:37,4,1,0
BRDA:37,5,0,0
BRDA:37,5,1,0
BRDA:38,6,0,0
BRDA:38,6,1,0
BRDA:38,7,0,0
BRDA:38,7,1,0
BRDA:39,8,0,0
BRDA:39,8,1,0
BRDA:39,9,0,0
BRDA:39,9,1,0
BRDA:41,10,0,0
BRDA:41,10,1,0
BRDA:41,11,0,0
BRDA:41,11,1,0
BRDA:42,12,0,0
BRDA:42,12,1,0
BRDA:42,13,0,0
BRDA:42,13,1,0
BRDA:43,14,0,0
BRDA:43,14,1,0
BRDA:43,15,0,0
BRDA:43,15,1,0
BRDA:44,16,0,0
BRDA:44,16,1,0
BRDA:44,17,0,0
BRDA:44,17,1,0
BRDA:45,18,0,0
BRDA:45,18,1,0
BRDA:45,19,0,0
BRDA:45,19,1,0
BRDA:46,20,0,0
BRDA:46,20,1,0
BRDA:46,21,0,0
BRDA:46,21,1,0
BRDA:47,22,0,0
BRDA:47,22,1,0
BRDA:47,23,0,0
BRDA:47,23,1,0
BRDA:190,24,0,0
BRDA:190,24,1,0
BRF:50
BRH:0
end_of_record
TN:
SF:src/components/profiles/ProfileItem.js
FN:5,(anonymous_0)
FN:24,(anonymous_1)
FNF:2
FNH:0
FNDA:0,(anonymous_0)
FNDA:0,(anonymous_1)
DA:5,1
DA:13,0
DA:25,0
DA:34,1
LF:4
LH:2
BRDA:17,0,0,0
BRDA:17,0,1,0
BRDA:18,1,0,0
BRDA:18,1,1,0
BRF:4
BRH:0
end_of_record
TN:
SF:src/components/profiles/Profiles.js
FN:8,(anonymous_0)
FN:9,(anonymous_1)
FN:21,(anonymous_2)
FN:36,(anonymous_3)
FNF:4
FNH:0
FNDA:0,(anonymous_0)
FNDA:0,(anonymous_1)
FNDA:0,(anonymous_2)
FNDA:0,(anonymous_3)
DA:8,1
DA:9,0
DA:10,0
DA:12,0
DA:22,0
DA:31,1
DA:36,1
LF:7
LH:3
BRDA:14,0,0,0
BRDA:14,0,1,0
BRDA:20,1,0,0
BRDA:20,1,1,0
BRF:4
BRH:0
end_of_record
TN:
SF:src/components/routing/PrivateRoute.js
FN:6,(anonymous_0)
FN:9,(anonymous_1)
FN:21,(anonymous_2)
FNF:3
FNH:0
FNDA:0,(anonymous_0)
FNDA:0,(anonymous_1)
FNDA:0,(anonymous_2)
DA:6,1
DA:7,0
DA:10,0
DA:17,1
DA:21,1
LF:5
LH:3
BRDA:10,0,0,0
BRDA:10,0,1,0
BRDA:10,1,0,0
BRDA:10,1,1,0
BRF:4
BRH:0
end_of_record
TN:
SF:src/reducers/alert.js
FN:5,(anonymous_0)
FN:12,(anonymous_1)
FNF:2
FNH:1
FNDA:6,(anonymous_0)
FNDA:0,(anonymous_1)
DA:3,1
DA:6,6
DA:8,6
DA:10,0
DA:12,0
DA:14,6
LF:6
LH:4
BRDA:5,0,0,6
BRDA:8,1,0,0
BRDA:8,1,1,0
BRDA:8,1,2,6
BRF:4
BRH:2
end_of_record
TN:
SF:src/reducers/auth.js
FN:19,(anonymous_0)
FNF:1
FNH:1
FNDA:6,(anonymous_0)
DA:12,1
DA:20,6
DA:22,6
DA:24,0
DA:32,0
DA:33,0
DA:44,0
DA:45,0
DA:52,6
LF:9
LH:4
BRDA:19,0,0,6
BRDA:22,1,0,0
BRDA:22,1,1,0
BRDA:22,1,2,0
BRDA:22,1,3,0
BRDA:22,1,4,0
BRDA:22,1,5,0
BRDA:22,1,6,0
BRDA:22,1,7,0
BRDA:22,1,8,6
BRF:10
BRH:2
end_of_record
TN:
SF:src/reducers/index.js
FNF:0
FNH:0
LF:0
LH:0
BRF:0
BRH:0
end_of_record
TN:
SF:src/reducers/post.js
FN:20,(anonymous_0)
FN:45,(anonymous_1)
FN:56,(anonymous_2)
FN:70,(anonymous_3)
FNF:4
FNH:1
FNDA:6,(anonymous_0)
FNDA:0,(anonymous_1)
FNDA:0,(anonymous_2)
FNDA:0,(anonymous_3)
DA:13,1
DA:21,6
DA:23,6
DA:25,0
DA:31,0
DA:37,0
DA:43,0
DA:45,0
DA:49,0
DA:54,0
DA:56,0
DA:60,0
DA:66,0
DA:70,0
DA:75,6
LF:15
LH:4
BRDA:20,0,0,6
BRDA:23,1,0,0
BRDA:23,1,1,0
BRDA:23,1,2,0
BRDA:23,1,3,0
BRDA:23,1,4,0
BRDA:23,1,5,0
BRDA:23,1,6,0
BRDA:23,1,7,0
BRDA:23,1,8,6
BRDA:56,2,0,0
BRDA:56,2,1,0
BRF:12
BRH:2
end_of_record
TN:
SF:src/reducers/profile.js
FN:18,(anonymous_0)
FNF:1
FNH:1
FNDA:6,(anonymous_0)
DA:10,1
DA:19,6
DA:21,6
DA:23,0
DA:29,0
DA:35,0
DA:41,0
DA:47,0
DA:53,0
DA:60,6
LF:10
LH:4
BRDA:18,0,0,6
BRDA:21,1,0,0
BRDA:21,1,1,0
BRDA:21,1,2,0
BRDA:21,1,3,0
BRDA:21,1,4,0
BRDA:21,1,5,0
BRDA:21,1,6,6
BRF:8
BRH:2
end_of_record
TN:
SF:src/utils/setAuthToken.js
FN:3,(anonymous_0)
FNF:1
FNH:0
FNDA:0,(anonymous_0)
DA:3,1
DA:4,0
DA:5,0
DA:7,0
LF:4
LH:1
BRDA:4,0,0,0
BRDA:4,0,1,0
BRF:2
BRH:0
end_of_record
